[2016.01.30-21.24.54:498][  0]Log file open, 01/30/16 15:24:54
[2016.01.30-21.24.54:498][  0]LogInit:Display: Running engine for game: AlienRitual
[2016.01.30-21.24.54:498][  0]LogInit:Display: RandInit(2065278543) SRandInit(2065278544).
[2016.01.30-21.24.54:498][  0]LogTaskGraph: Started task graph with 4 named threads and 5 total threads.
[2016.01.30-21.24.54:498][  0]LogStats: Stats thread started at 0.097972
[2016.01.30-21.24.54:498][  0]LogInit: Version: 4.9.2-2707645+++depot+UE4-Releases+4.9
[2016.01.30-21.24.54:498][  0]LogInit: API Version: 2672455
[2016.01.30-21.24.54:498][  0]LogInit: Compiled (64-bit): Sep 28 2015 10:25:44
[2016.01.30-21.24.54:498][  0]LogInit: Compiled with Visual C++: 18.00.21005.01
[2016.01.30-21.24.54:498][  0]LogInit: Build Configuration: Development
[2016.01.30-21.24.54:498][  0]LogInit: Branch Name: ++depot+UE4-Releases+4.9
[2016.01.30-21.24.54:498][  0]LogInit: Command line: 
[2016.01.30-21.24.54:498][  0]LogInit: Base directory: C:/Program Files (x86)/Epic Games/4.9/Engine/Binaries/Win64/
[2016.01.30-21.24.54:498][  0]LogInit: Rocket: 1
[2016.01.30-21.24.54:529][  0]LogInit: Using libcurl 7.41.0
[2016.01.30-21.24.54:529][  0]LogInit:  - built for x86_64-pc-win32
[2016.01.30-21.24.54:529][  0]LogInit:  - supports SSL with WinSSL
[2016.01.30-21.24.54:529][  0]LogInit:  - other features:
[2016.01.30-21.24.54:529][  0]LogInit:      CURL_VERSION_SSL
[2016.01.30-21.24.54:529][  0]LogInit:      CURL_VERSION_IPV6
[2016.01.30-21.24.54:529][  0]LogInit:      CURL_VERSION_ASYNCHDNS
[2016.01.30-21.24.54:529][  0]LogInit:      CURL_VERSION_LARGEFILE
[2016.01.30-21.24.54:529][  0]LogInit:      CURL_VERSION_IDN
[2016.01.30-21.24.54:529][  0]LogInit:  CurlRequestOptions (configurable via config and command line):
[2016.01.30-21.24.54:529][  0]LogInit:  - bVerifyPeer = true  - Libcurl will verify peer certificate
[2016.01.30-21.24.54:529][  0]LogInit:  - bUseHttpProxy = false  - Libcurl will NOT use HTTP proxy
[2016.01.30-21.24.54:529][  0]LogInit:  - bDontReuseConnections = false  - Libcurl will reuse connections
[2016.01.30-21.24.54:529][  0]LogInit:  - CertBundlePath = nullptr  - Libcurl will use whatever was configured at build time.
[2016.01.30-21.24.54:545][  0]LogInit: Presizing for 0 objects not considered by GC, pre-allocating 0 bytes.
[2016.01.30-21.24.54:557][  0]LogInit: Object subsystem initialized
[2016.01.30-21.24.54:559][  0]LogInit: Selected Device Profile: [Windows]
[2016.01.30-21.24.54:559][  0]LogInit: Applying CVar settings loaded from the selected device profile: [Windows]
[2016.01.30-21.24.54:578][  0]LogInit: Computer: RUSL-PC
[2016.01.30-21.24.54:578][  0]LogInit: User: Rusl
[2016.01.30-21.24.54:578][  0]LogInit: CPU Page size=4096, Cores=2
[2016.01.30-21.24.54:578][  0]LogInit: High frequency timer resolution =3.132776 MHz
[2016.01.30-21.24.54:578][  0]LogMemory: Memory total: Physical=3.9GB (4GB approx)
[2016.01.30-21.24.54:578][  0]LogMemory: Platform Memory Stats for Windows
[2016.01.30-21.24.54:578][  0]LogMemory: Process Physical Memory: 53.66 MB used, 53.66 MB peak
[2016.01.30-21.24.54:578][  0]LogMemory: Process Virtual Memory: 57.04 MB used, 57.04 MB peak
[2016.01.30-21.24.54:578][  0]LogMemory: Physical Memory: 3136.52 MB used, 4023.11 MB total
[2016.01.30-21.24.54:578][  0]LogMemory: Virtual Memory: 369.21 MB used, 134217728.00 MB total
[2016.01.30-21.24.54:624][  0]LogTextLocalizationManager: No specific translations for ('en-US') exist, so ('en') translations will be used.
[2016.01.30-21.24.55:817][  0]LogD3D11RHI: Found D3D11 adapter 0: NVIDIA GeForce GTX 580 (Feature Level 11_0)
[2016.01.30-21.24.55:818][  0]LogD3D11RHI: Adapter has 1488MB of dedicated video memory, 0MB of dedicated system memory, and 2011MB of shared system memory, 2 output[s]
[2016.01.30-21.24.55:819][  0]LogD3D11RHI: Found D3D11 adapter 1: Microsoft Basic Render Driver (Feature Level 11_0)
[2016.01.30-21.24.55:819][  0]LogD3D11RHI: Adapter has 0MB of dedicated video memory, 0MB of dedicated system memory, and 2011MB of shared system memory, 0 output[s]
[2016.01.30-21.24.55:819][  0]LogD3D11RHI: Chosen D3D11 Adapter Id = 0
[2016.01.30-21.24.55:824][  0]LogD3D11RHI: !Direct3DDevice
[2016.01.30-21.24.55:824][  0]LogRHI: Texture pool is 1041 MB (70% of 1488 MB)
[2016.01.30-21.24.55:844][  0]LogD3D11RHI: Async texture creation enabled
[2016.01.30-21.24.55:855][  0]LogShaderCompilers: Guid format shader working directory is 15 characters bigger than the processId version (D:/PT/GGJ 2016/AlienRitual/AlienRitual/Intermediate/Shaders/WorkingDirectory/4952/).
[2016.01.30-21.24.55:880][  0]LogShaderCompilers: Cleaned the shader compiler working directory 'D:/PT/GGJ 2016/AlienRitual/AlienRitual/Intermediate/Shaders/tmp/9E44A77E4F4578E22083BE97677411DF/'.
[2016.01.30-21.24.55:880][  0]LogShaderCompilers:Display: Using Local Shader Compiler.
[2016.01.30-21.24.57:368][  0]LogTemp:Display: Loaded TP AllDesktopTargetPlatform
[2016.01.30-21.24.57:375][  0]LogTemp:Display: Loaded TP WindowsClientTargetPlatform
[2016.01.30-21.24.57:383][  0]LogTemp:Display: Loaded TP WindowsNoEditorTargetPlatform
[2016.01.30-21.24.57:390][  0]LogTemp:Display: Loaded TP WindowsServerTargetPlatform
[2016.01.30-21.24.57:397][  0]LogTemp:Display: Loaded TP WindowsTargetPlatform
[2016.01.30-21.24.57:402][  0]LogTemp:Display: Loaded TP AndroidTargetPlatform
[2016.01.30-21.24.57:406][  0]LogTemp:Display: Loaded TP Android_ASTCTargetPlatform
[2016.01.30-21.24.57:410][  0]LogTemp:Display: Loaded TP Android_ATCTargetPlatform
[2016.01.30-21.24.57:415][  0]LogTemp:Display: Loaded TP Android_DXTTargetPlatform
[2016.01.30-21.24.57:420][  0]LogTemp:Display: Loaded TP Android_ETC1TargetPlatform
[2016.01.30-21.24.57:424][  0]LogTemp:Display: Loaded TP Android_ETC2TargetPlatform
[2016.01.30-21.24.57:429][  0]LogTemp:Display: Loaded TP Android_PVRTCTargetPlatform
[2016.01.30-21.24.57:430][  0]LogTemp:Display: Loaded TP HTML5TargetPlatform
[2016.01.30-21.24.57:450][  0]LogTemp:Display: Loaded TP IOSTargetPlatform
[2016.01.30-21.24.57:457][  0]LogTemp:Display: Loaded TP LinuxNoEditorTargetPlatform
[2016.01.30-21.24.57:464][  0]LogTemp:Display: Loaded TP LinuxServerTargetPlatform
[2016.01.30-21.24.57:469][  0]LogTemp:Display: Loaded TP LinuxTargetPlatform
[2016.01.30-21.24.57:469][  0]LogTargetPlatformManager:Display: Building Assets For Windows
[2016.01.30-21.24.57:635][  0]LogDerivedDataCache:Display: Max Cache Size: 512 MB
[2016.01.30-21.24.57:704][  0]LogDerivedDataCache: Loaded boot cache 0.07s 41MB C:/Users/Rusl/AppData/Local/UnrealEngine/4.9/DerivedDataCache/Boot.ddc.
[2016.01.30-21.24.57:704][  0]LogDerivedDataCache:Display: Loaded Boot cache: C:/Users/Rusl/AppData/Local/UnrealEngine/4.9/DerivedDataCache/Boot.ddc
[2016.01.30-21.24.57:704][  0]LogDerivedDataCache: FDerivedDataBackendGraph:  Pak pak cache file D:/PT/GGJ 2016/AlienRitual/AlienRitual/DerivedDataCache/DDC.ddp not found, will not use a pak cache.
[2016.01.30-21.24.57:704][  0]LogDerivedDataCache: Unable to find inner node Pak for hierarchical cache Hierarchy.
[2016.01.30-21.24.57:704][  0]LogDerivedDataCache: FDerivedDataBackendGraph:  CompressedPak pak cache file D:/PT/GGJ 2016/AlienRitual/AlienRitual/DerivedDataCache/Compressed.ddp not found, will not use a pak cache.
[2016.01.30-21.24.57:704][  0]LogDerivedDataCache: Unable to find inner node CompressedPak for hierarchical cache Hierarchy.
[2016.01.30-21.24.57:901][  0]LogDerivedDataCache:Display: Pak cache opened for reading ../../../Engine/DerivedDataCache/Compressed.ddp.
[2016.01.30-21.24.57:913][  0]LogDerivedDataCache: Using Local data cache path C:/Users/Rusl/AppData/Local/UnrealEngine/Common/DerivedDataCache: Writable
[2016.01.30-21.24.58:245][  0]LogInit: Selected Device Profile: [Windows]
[2016.01.30-21.24.58:249][  0]LogContentStreaming: Texture pool size is 0.000000MB
[2016.01.30-21.24.58:430][  0]LogMeshUtilities: No automatic mesh reduction module available
[2016.01.30-21.24.58:430][  0]LogMeshUtilities: No automatic mesh merging module available
[2016.01.30-21.24.58:773][  0]LogInit: WinSock: version 1.1 (2.2), MaxSocks=32767, MaxUdp=65467
[2016.01.30-21.24.59:792][  0]UdpMessaging: Initializing bridge on interface 0.0.0.0:0 to multicast group 230.0.0.1:6666.
[2016.01.30-21.24.59:923][  0]LogAssetRegistry: FAssetRegistry took 0.0107 seconds to start up
[2016.01.30-21.25.00:247][  0]SourceControl: Info Source control is disabled
[2016.01.30-21.25.00:249][  0]SourceControl: Info Source control is disabled
[2016.01.30-21.25.00:273][  0]SourceControl: Info Source control is disabled
[2016.01.30-21.25.00:294][  0]SourceControl: Info Source control is disabled
[2016.01.30-21.25.00:570][  0]LogLinker:Warning: Asset '../../../Engine/Plugins/Runtime/LeapMotionController/Content/LM_PassthroughMaterial.uasset' has been saved with empty engine version. The asset will be loaded but may be incompatible.
[2016.01.30-21.25.00:718][  0]LogObj: 28361 objects as part of root set at end of initial load.
[2016.01.30-21.25.00:718][  0]LogUObjectAllocator: 6038864 out of 0 bytes used by permanent object pool.
[2016.01.30-21.25.00:813][  0]LogEngine: Initializing Engine...
[2016.01.30-21.25.00:815][  0]OCULUS: Info: 01/30/16 21:25:00: [CAPI] LibOVR module is located at C:\WINDOWS\SYSTEM32\LibOVRRT64_0_7.dll

[2016.01.30-21.25.01:316][  0]OCULUS: Error: 01/30/16 21:25:01: [CAPI] ovr_Create failed to complete within the timeout period.
[2016.01.30-21.25.01:442][  0]LogHMD: SteamVR failed to initialize.  Err: 108
[2016.01.30-21.25.01:629][  0]LogAIModule: Creating AISystem for world NewWorld
[2016.01.30-21.25.01:654][  0]LogInit: XAudio2 using 'Speakers (Realtek High Definition Audio)' : 2 channels at 48 kHz using 32 bits per sample (channel mask 0x3)
[2016.01.30-21.25.01:674][  0]LogAudio:Warning: CreateMasteringVoice error: Unhandled error code -2004287478
[2016.01.30-21.25.01:674][  0]LogInit:Warning: Failed to create the mastering voice for XAudio2
[2016.01.30-21.25.01:703][  0]LogDerivedDataCache: Saved boot cache 0.03s 41MB C:/Users/Rusl/AppData/Local/UnrealEngine/4.9/DerivedDataCache/Boot.ddc.
[2016.01.30-21.25.01:714][  0]LogInit: Texture streaming: Enabled
[2016.01.30-21.25.01:721][  0]LogAnalytics: Creating configured Analytics provider AnalyticsET
[2016.01.30-21.25.01:721][  0]LogAnalytics: [UEEditor.Rocket.Release] APIServer = http://et2.epicgames.com/ET2/. AppVersion = 4.9.2-2707645+++depot+UE4-Releases+4.9
[2016.01.30-21.25.01:721][  0]LogAnalytics: [UEEditor.Rocket.Release] SetUserId c64fb969419312d92c1ef6af313a065c|0774a1b09ae84da687ec14ceb86d8f84|7f22e12f-6e14-45bb-b9da-9c13f78ae739
[2016.01.30-21.25.01:722][  0]LogAnalytics: [UEEditor.Rocket.Release] AnalyticsET::StartSession
[2016.01.30-21.25.01:767][  0]LogInit: Transaction tracking system initialized
[2016.01.30-21.25.01:822][  0]BlueprintLog: New page: Editor Load
[2016.01.30-21.25.01:974][  0]LocalizationService: Info Localization service is disabled
[2016.01.30-21.25.02:084][  0]LogConsoleResponse:Display: 
[2016.01.30-21.25.02:304][  0]LogCook:Display: Done creating registry. It took  0.00s.
[2016.01.30-21.25.02:425][  0]LogFileCache: Scanning file cache for directory 'D:/PT/GGJ 2016/AlienRitual/AlienRitual/Content/' took 0.02s
[2016.01.30-21.25.02:425][  0]SourceControl: Info Source control is disabled
[2016.01.30-21.25.02:425][  0]Cmd: MAP LOAD FILE="D:/PT/GGJ 2016/AlienRitual/AlienRitual/Content/FirstPersonBP/Maps/FirstPersonExampleMap.umap" TEMPLATE=0 SHOWPROGRESS=1 FEATURELEVEL=3
[2016.01.30-21.25.02:486][  0]LightingResults: New page: Lighting Build
[2016.01.30-21.25.02:492][  0]MapCheck: New page: Map Check
[2016.01.30-21.25.02:492][  0]LightingResults: New page: Lighting Build
[2016.01.30-21.25.02:526][  0]LogParticles: Destroying 0 GPU particle simulations for FXSystem 0x0000021F5EBBE160
[2016.01.30-21.25.05:608][  0]LogAIModule: Creating AISystem for world FirstPersonExampleMap
[2016.01.30-21.25.05:660][  0]LogEditorServer: Finished looking for orphan Actors (0.000 secs)
[2016.01.30-21.25.05:661][  0]Cmd: MAP CHECKDEP NOCLEARLOG
[2016.01.30-21.25.05:745][  0]MapCheck: Info Map check complete: 0 Error(s), 0 Warning(s), took 83.291ms to complete.
[2016.01.30-21.25.05:745][  0]LogFileHelpers: Loading map 'FirstPersonExampleMap' took 3.320
[2016.01.30-21.25.05:978][  0]LogCollectionManager: Loaded 0 collections in 0.015062 seconds
[2016.01.30-21.25.06:040][  0]LogFileCache: Scanning file cache for directory 'D:/PT/GGJ 2016/AlienRitual/AlienRitual/Saved/Collections/' took 0.01s
[2016.01.30-21.25.06:040][  0]LogFileCache: Scanning file cache for directory 'D:/PT/GGJ 2016/AlienRitual/AlienRitual/Content/Developers/Rusl/Collections/' took 0.01s
[2016.01.30-21.25.06:040][  0]LogFileCache: Scanning file cache for directory 'D:/PT/GGJ 2016/AlienRitual/AlienRitual/Content/Collections/' took 0.01s
[2016.01.30-21.25.06:040][  0]LogContentBrowser: Native class hierarchy populated in 0.0162 seconds. Added 1867 classes and 333 folders.
[2016.01.30-21.25.06:062][  0]LogCollectionManager: Rebuilt the GUID cache for 0 collections in 0.000003 seconds
[2016.01.30-21.25.06:085][  0]LogContentBrowser: Native class hierarchy updated for 'WidgetCarousel' in 0.0004 seconds. Added 0 classes and 0 folders.
[2016.01.30-21.25.06:608][  0]LogContentBrowser: Native class hierarchy updated for 'AddContentDialog' in 0.0006 seconds. Added 0 classes and 0 folders.
[2016.01.30-21.25.06:623][  0]LogContentBrowser: Native class hierarchy updated for 'SceneOutliner' in 0.0007 seconds. Added 1 classes and 2 folders.
[2016.01.30-21.25.06:746][  0]LogCrashTracker: Crashtracker disabled due to settings.
[2016.01.30-21.25.06:769][  0]LogUObjectGlobals:Warning: Failed to find object 'Class None.'
[2016.01.30-21.25.06:795][  0]LogLoad: Full Startup: 13.58 seconds (BP compile: 0.25 seconds)
[2016.01.30-21.25.07:378][  0]LogContentStreaming: Texture pool size now 1000 MB
[2016.01.30-21.25.07:640][  0]LogRenderer: Reallocating scene render targets to support 916x464 (Frame:2).
[2016.01.30-21.25.07:810][  1]LogFileCache: Retrieving MD5 hashes for directory 'D:/PT/GGJ 2016/AlienRitual/AlienRitual/Content/' took 0.66s
[2016.01.30-21.25.09:484][  6]LogAssetRegistry: Asset discovery search completed in 9.5728 seconds
[2016.01.30-21.25.09:485][  6]LogCollectionManager: Rebuilt the object cache for 0 collections in 0.000002 seconds (found 0 objects)
[2016.01.30-21.25.09:485][  6]LogCollectionManager: Fixed up redirectors for 0 collections in 0.000031 seconds (updated 0 objects)
[2016.01.30-21.25.10:151][  8]AssetReimport: New page: Outstanding source content changes 9:25:10 AM
[2016.01.30-21.25.10:155][  8]LogFactory: FactoryCreateBinary: SoundWave with ReimportSoundFactory (0 0 D:/PT/GGJ 2016/AlienRitual/AlienRitual/Content/Audio/General_Ambience.wav)
[2016.01.30-21.25.10:884][  9]Cmd: OBJ SAVEPACKAGE PACKAGE="/Game/Audio/General_Ambience" FILE="D:/PT/GGJ 2016/AlienRitual/AlienRitual/Content/Audio/General_Ambience.uasset" SILENT=true
[2016.01.30-21.25.10:949][  9]LogSavePackage: Save=42.397221ms
[2016.01.30-21.25.10:949][  9]LogSavePackage: Moving 'D:/PT/GGJ 2016/AlienRitual/AlienRitual/Saved/General_Ambience8A7C1021456DD408C68BCD853524B1A1.tmp' to 'D:/PT/GGJ 2016/AlienRitual/AlienRitual/Content/Audio/General_Ambience.uasset'
[2016.01.30-21.25.10:961][  9]LogSavePackage: Total save time: 72.862852ms
[2016.01.30-21.25.10:961][  9]LogSavePackage:Warning: Finished SavePackage D:/PT/GGJ 2016/AlienRitual/AlienRitual/Content/Audio/General_Ambience.uasset
[2016.01.30-21.25.13:407][ 65]LogMaterial: Missing cached shader map for material Glowy, compiling. 
[2016.01.30-21.25.13:583][ 65]LogMaterial: Missing cached shader map for material Glowy, compiling. 
[2016.01.30-21.25.13:593][ 65]LogMaterial: 0.000038 seconds spent updating 1 materials, 1 interfaces, 0 instances, 0 with static permutations.
[2016.01.30-21.25.13:619][ 65]LogMaterial: Missing cached shader map for material FMatExpressionPreview MaterialExpressionVectorParameter_0, compiling. 
[2016.01.30-21.25.13:999][ 70]AssetReimport: Info Importing new asset /Game/Audio/General_Ambience.
[2016.01.30-21.29.13:158][210]LogEditorViewport: Clicking on Actor (LMB): StaticMeshActor (Pickup)
[2016.01.30-21.29.51:282][188]LogRenderer: Reallocating scene render targets to support 1072x752 (Frame:16386).
[2016.01.30-21.34.16:762][309]LogActorFactory: Actor Factory created Cube
[2016.01.30-21.34.19:673][444]LogActorFactory: Actor Factory created Cube
[2016.01.30-21.34.51:869][140]LogEditorViewport: Clicking on Actor (LMB): StaticMeshActor (Cube)
[2016.01.30-21.34.52:504][171]LogEditorViewport: Clicking on Actor (LMB): StaticMeshActor (Cube2)
[2016.01.30-21.34.54:561][278]LogEditorViewport: Clicking on Actor (LMB): StaticMeshActor (Cube)
[2016.01.30-21.34.57:736][445]LogEditorViewport: Clicking on Actor (LMB): StaticMeshActor (Cube3)
[2016.01.30-21.35.06:699][902]LogEditorViewport: Clicking on Actor (LMB): StaticMeshActor (Cube3)
[2016.01.30-21.35.32:086][219]LogEditorViewport: Clicking on Actor (LMB): StaticMeshActor (Cube6)
[2016.01.30-21.35.58:198][782]LogParticles: Destroying 0 GPU particle simulations for FXSystem 0x0000021F09A1EDE0
[2016.01.30-21.35.58:605][782]LogSavePackage: Save=174.432831ms
[2016.01.30-21.35.58:605][782]LogSavePackage: Moving 'D:/PT/GGJ 2016/AlienRitual/AlienRitual/Saved/FirstPersonExampleMap_Auto12EA8431C4443E8FBC32ED1A561147FE2.tmp' to 'D:/PT/GGJ 2016/AlienRitual/AlienRitual/Saved/Autosaves/Game/FirstPersonBP/Maps/FirstPersonExampleMap_Auto1.umap'
[2016.01.30-21.35.58:615][782]LogSavePackage: Total save time: 352.977041ms
[2016.01.30-21.35.58:615][782]LogSavePackage:Warning: Finished SavePackage D:/PT/GGJ 2016/AlienRitual/AlienRitual/Saved/Autosaves/Game/FirstPersonBP/Maps/FirstPersonExampleMap_Auto1.umap
[2016.01.30-21.35.58:617][782]LogFileHelpers: Editor autosave (incl. sublevels) for '/Game/FirstPersonBP/Maps/FirstPersonExampleMap' took 0.457
[2016.01.30-21.35.58:617][782]LogFileHelpers: Editor autosave (incl. sublevels) for all levels took 0.457
[2016.01.30-21.36.09:737][399]LogEditorViewport: Clicking on Actor (LMB): StaticMeshActor (Cube6)
[2016.01.30-21.37.02:116][992]LogMaterial: Missing cached shader map for material Glowy2, compiling. 
[2016.01.30-21.37.11:488][197]Cmd: OBJ SAVEPACKAGE PACKAGE="/Game/Materials/Simon1" FILE="D:/PT/GGJ 2016/AlienRitual/AlienRitual/Content/Materials/Simon1.uasset" SILENT=true
[2016.01.30-21.37.11:506][197]LogSavePackage: Save=16.292898ms
[2016.01.30-21.37.11:506][197]LogSavePackage: Moving 'D:/PT/GGJ 2016/AlienRitual/AlienRitual/Saved/Simon1FC110EE3499449CF46B23CA5AE0F403C.tmp' to 'D:/PT/GGJ 2016/AlienRitual/AlienRitual/Content/Materials/Simon1.uasset'
[2016.01.30-21.37.11:508][197]LogSavePackage: Total save time: 17.989475ms
[2016.01.30-21.37.11:508][197]LogSavePackage:Warning: Finished SavePackage D:/PT/GGJ 2016/AlienRitual/AlienRitual/Content/Materials/Simon1.uasset
[2016.01.30-21.37.12:974][261]LogMaterial: Missing cached shader map for material Simon1, compiling. 
[2016.01.30-21.37.13:070][261]LogMaterial: Missing cached shader map for material Simon1, compiling. 
[2016.01.30-21.37.13:079][261]LogMaterial: 0.000067 seconds spent updating 1 materials, 1 interfaces, 0 instances, 0 with static permutations.
[2016.01.30-21.37.13:107][261]LogMaterial: Missing cached shader map for material FMatExpressionPreview MaterialExpressionVectorParameter_0, compiling. 
[2016.01.30-21.37.22:604][607]MaterialEditorStats: Info Base pass shader with only dynamic lighting: 29 instructions
[2016.01.30-21.37.22:604][607]MaterialEditorStats: Info Base pass shader for self shadowed translucency: 65 instructions
[2016.01.30-21.37.22:604][607]MaterialEditorStats: Info Vertex shader: 68 instructions
[2016.01.30-21.37.22:604][607]MaterialEditorStats: Info Texture samplers: 4/16
[2016.01.30-21.37.26:789][798]LogMaterial: Missing cached shader map for material Simon1, compiling. 
[2016.01.30-21.37.26:798][798]LogMaterial: 0.000079 seconds spent updating 1 materials, 1 interfaces, 0 instances, 0 with static permutations.
[2016.01.30-21.37.26:824][798]LogMaterial: Missing cached shader map for material FMatExpressionPreview MaterialExpressionVectorParameter_0, compiling. 
[2016.01.30-21.37.36:470][168]MaterialEditorStats: Info Base pass shader with only dynamic lighting: 29 instructions
[2016.01.30-21.37.36:470][168]MaterialEditorStats: Info Base pass shader for self shadowed translucency: 65 instructions
[2016.01.30-21.37.36:470][168]MaterialEditorStats: Info Vertex shader: 68 instructions
[2016.01.30-21.37.36:470][168]MaterialEditorStats: Info Texture samplers: 4/16
[2016.01.30-21.37.37:143][203]LogMaterial: Missing cached shader map for material Simon1, compiling. 
[2016.01.30-21.37.37:152][203]LogMaterial: 0.000078 seconds spent updating 1 materials, 1 interfaces, 0 instances, 0 with static permutations.
[2016.01.30-21.37.46:359][529]LogMaterial: Missing cached shader map for material Simon1, compiling. 
[2016.01.30-21.37.46:372][529]LogMaterial: 0.000058 seconds spent updating 1 materials, 1 interfaces, 0 instances, 0 with static permutations.
[2016.01.30-21.37.46:399][529]LogMaterial: Missing cached shader map for material FMatExpressionPreview MaterialExpressionVectorParameter_0, compiling. 
[2016.01.30-21.37.46:908][547]MaterialEditorStats: Info Base pass shader with only dynamic lighting: 29 instructions
[2016.01.30-21.37.46:908][547]MaterialEditorStats: Info Base pass shader for self shadowed translucency: 65 instructions
[2016.01.30-21.37.46:908][547]MaterialEditorStats: Info Vertex shader: 68 instructions
[2016.01.30-21.37.46:908][547]MaterialEditorStats: Info Texture samplers: 4/16
[2016.01.30-21.38.01:757][ 92]LogMaterialEditor: Applying material Simon1
[2016.01.30-21.38.02:634][ 92]LogMaterial: Missing cached shader map for material Simon1, compiling. 
[2016.01.30-21.38.02:670][ 92]LogMaterial: 0.000069 seconds spent updating 1 materials, 1 interfaces, 0 instances, 0 with static permutations.
[2016.01.30-21.38.02:714][ 92]LogMaterial: Missing cached shader map for material Simon1, compiling. 
[2016.01.30-21.38.02:756][ 92]LogMaterial: Missing cached shader map for material Simon1, compiling. 
[2016.01.30-21.38.02:773][ 92]LogMaterial: 0.001622 seconds spent updating 1 materials, 1 interfaces, 0 instances, 0 with static permutations.
[2016.01.30-21.38.03:792][130]LogMaterialEditor: Saving and Compiling material Simon1
[2016.01.30-21.38.11:106][130]Cmd: OBJ SAVEPACKAGE PACKAGE="/Game/Materials/Simon1" FILE="D:/PT/GGJ 2016/AlienRitual/AlienRitual/Content/Materials/Simon1.uasset" SILENT=true
[2016.01.30-21.38.11:134][130]LogSavePackage: Save=17.917974ms
[2016.01.30-21.38.11:134][130]LogSavePackage: Moving 'D:/PT/GGJ 2016/AlienRitual/AlienRitual/Saved/Simon153778BED43E927F127F6268AEF84CBF3.tmp' to 'D:/PT/GGJ 2016/AlienRitual/AlienRitual/Content/Materials/Simon1.uasset'
[2016.01.30-21.38.11:136][130]LogSavePackage: Total save time: 28.451443ms
[2016.01.30-21.38.11:136][130]LogSavePackage:Warning: Finished SavePackage D:/PT/GGJ 2016/AlienRitual/AlienRitual/Content/Materials/Simon1.uasset
[2016.01.30-21.38.11:144][130]MaterialEditorStats: Info Base pass shader with only dynamic lighting: 45 instructions
[2016.01.30-21.38.11:144][130]MaterialEditorStats: Info Base pass shader for self shadowed translucency: 81 instructions
[2016.01.30-21.38.11:144][130]MaterialEditorStats: Info Vertex shader: 68 instructions
[2016.01.30-21.38.11:144][130]MaterialEditorStats: Info Texture samplers: 4/16
[2016.01.30-21.38.25:600][748]LogMaterial: Missing cached shader map for material Simon1, compiling. 
[2016.01.30-21.38.25:609][748]LogMaterial: 0.000085 seconds spent updating 1 materials, 1 interfaces, 0 instances, 0 with static permutations.
[2016.01.30-21.38.25:637][748]LogMaterial: Missing cached shader map for material FMatExpressionPreview MaterialExpressionVectorParameter_0, compiling. 
[2016.01.30-21.38.36:361][169]MaterialEditorStats: Info Base pass shader with only dynamic lighting: 29 instructions
[2016.01.30-21.38.36:361][169]MaterialEditorStats: Info Base pass shader for self shadowed translucency: 65 instructions
[2016.01.30-21.38.36:361][169]MaterialEditorStats: Info Vertex shader: 68 instructions
[2016.01.30-21.38.36:361][169]MaterialEditorStats: Info Texture samplers: 4/16
[2016.01.30-21.38.50:833][812]LogMaterial: Missing cached shader map for material Simon1, compiling. 
[2016.01.30-21.38.50:841][812]LogMaterial: 0.000067 seconds spent updating 1 materials, 1 interfaces, 0 instances, 0 with static permutations.
[2016.01.30-21.38.53:018][891]LogMaterial: Missing cached shader map for material Simon1, compiling. 
[2016.01.30-21.38.53:030][891]LogMaterial: 0.000045 seconds spent updating 1 materials, 1 interfaces, 0 instances, 0 with static permutations.
[2016.01.30-21.38.55:963][  1]LogMaterial: Missing cached shader map for material Simon1, compiling. 
[2016.01.30-21.38.55:976][  1]LogMaterial: 0.000045 seconds spent updating 1 materials, 1 interfaces, 0 instances, 0 with static permutations.
[2016.01.30-21.38.56:005][  1]LogMaterial: Missing cached shader map for material FMatExpressionPreview MaterialExpressionVectorParameter_0, compiling. 
[2016.01.30-21.38.58:550][100]LogMaterialEditor: Applying material Simon1
[2016.01.30-21.38.59:850][100]LogMaterial: Missing cached shader map for material Simon1, compiling. 
[2016.01.30-21.38.59:907][100]LogMaterial: 0.000050 seconds spent updating 1 materials, 1 interfaces, 0 instances, 0 with static permutations.
[2016.01.30-21.38.59:946][100]LogMaterial: Missing cached shader map for material Simon1, compiling. 
[2016.01.30-21.38.59:988][100]LogMaterial: Missing cached shader map for material Simon1, compiling. 
[2016.01.30-21.39.00:006][100]LogMaterial: 0.001741 seconds spent updating 1 materials, 1 interfaces, 0 instances, 0 with static permutations.
[2016.01.30-21.39.01:174][145]LogMaterialEditor: Saving and Compiling material Simon1
[2016.01.30-21.39.09:260][145]Cmd: OBJ SAVEPACKAGE PACKAGE="/Game/Materials/Simon1" FILE="D:/PT/GGJ 2016/AlienRitual/AlienRitual/Content/Materials/Simon1.uasset" SILENT=true
[2016.01.30-21.39.09:284][145]LogSavePackage: Save=19.703611ms
[2016.01.30-21.39.09:284][145]LogSavePackage: Moving 'D:/PT/GGJ 2016/AlienRitual/AlienRitual/Saved/Simon15CFC79B14F9E2E50E4DBF3A36411E01A.tmp' to 'D:/PT/GGJ 2016/AlienRitual/AlienRitual/Content/Materials/Simon1.uasset'
[2016.01.30-21.39.09:285][145]LogSavePackage: Total save time: 24.634063ms
[2016.01.30-21.39.09:285][145]LogSavePackage:Warning: Finished SavePackage D:/PT/GGJ 2016/AlienRitual/AlienRitual/Content/Materials/Simon1.uasset
[2016.01.30-21.39.09:293][145]MaterialEditorStats: Info Base pass shader with only dynamic lighting: 42 instructions
[2016.01.30-21.39.09:293][145]MaterialEditorStats: Info Base pass shader for self shadowed translucency: 78 instructions
[2016.01.30-21.39.09:293][145]MaterialEditorStats: Info Vertex shader: 68 instructions
[2016.01.30-21.39.09:293][145]MaterialEditorStats: Info Texture samplers: 4/16
[2016.01.30-21.39.18:673][554]LogMaterial: Missing cached shader map for material Simon1, compiling. 
[2016.01.30-21.39.18:681][554]LogMaterial: 0.000073 seconds spent updating 1 materials, 1 interfaces, 0 instances, 0 with static permutations.
[2016.01.30-21.39.18:712][554]LogMaterial: Missing cached shader map for material FMatExpressionPreview MaterialExpressionVectorParameter_0, compiling. 
[2016.01.30-21.39.29:263][989]MaterialEditorStats: Info Base pass shader with only dynamic lighting: 26 instructions
[2016.01.30-21.39.29:263][989]MaterialEditorStats: Info Base pass shader for self shadowed translucency: 62 instructions
[2016.01.30-21.39.29:263][989]MaterialEditorStats: Info Vertex shader: 68 instructions
[2016.01.30-21.39.29:263][989]MaterialEditorStats: Info Texture samplers: 4/16
[2016.01.30-21.39.33:667][189]LogMaterial: Missing cached shader map for material Simon1, compiling. 
[2016.01.30-21.39.33:675][189]LogMaterial: 0.000075 seconds spent updating 1 materials, 1 interfaces, 0 instances, 0 with static permutations.
[2016.01.30-21.39.33:703][189]LogMaterial: Missing cached shader map for material FMatExpressionPreview MaterialExpressionVectorParameter_0, compiling. 
[2016.01.30-21.39.44:200][620]MaterialEditorStats: Info Base pass shader with only dynamic lighting: 26 instructions
[2016.01.30-21.39.44:201][620]MaterialEditorStats: Info Base pass shader for self shadowed translucency: 62 instructions
[2016.01.30-21.39.44:201][620]MaterialEditorStats: Info Vertex shader: 68 instructions
[2016.01.30-21.39.44:201][620]MaterialEditorStats: Info Texture samplers: 4/16
[2016.01.30-21.39.48:877][827]LogMaterialEditor: Saving and Compiling material Simon1
[2016.01.30-21.39.49:724][827]LogMaterial: Missing cached shader map for material Simon1, compiling. 
[2016.01.30-21.39.49:760][827]LogMaterial: 0.000067 seconds spent updating 1 materials, 1 interfaces, 0 instances, 0 with static permutations.
[2016.01.30-21.39.49:796][827]LogMaterial: Missing cached shader map for material Simon1, compiling. 
[2016.01.30-21.39.49:836][827]LogMaterial: Missing cached shader map for material Simon1, compiling. 
[2016.01.30-21.39.49:853][827]LogMaterial: 0.001384 seconds spent updating 1 materials, 1 interfaces, 0 instances, 0 with static permutations.
[2016.01.30-21.39.57:677][827]Cmd: OBJ SAVEPACKAGE PACKAGE="/Game/Materials/Simon1" FILE="D:/PT/GGJ 2016/AlienRitual/AlienRitual/Content/Materials/Simon1.uasset" SILENT=true
[2016.01.30-21.39.57:700][827]LogSavePackage: Save=17.739857ms
[2016.01.30-21.39.57:700][827]LogSavePackage: Moving 'D:/PT/GGJ 2016/AlienRitual/AlienRitual/Saved/Simon116DFE65F4EC65297BB9166A09F2FBF3E.tmp' to 'D:/PT/GGJ 2016/AlienRitual/AlienRitual/Content/Materials/Simon1.uasset'
[2016.01.30-21.39.57:702][827]LogSavePackage: Total save time: 23.175612ms
[2016.01.30-21.39.57:702][827]LogSavePackage:Warning: Finished SavePackage D:/PT/GGJ 2016/AlienRitual/AlienRitual/Content/Materials/Simon1.uasset
[2016.01.30-21.39.57:709][827]MaterialEditorStats: Info Base pass shader with only dynamic lighting: 42 instructions
[2016.01.30-21.39.57:709][827]MaterialEditorStats: Info Base pass shader for self shadowed translucency: 78 instructions
[2016.01.30-21.39.57:709][827]MaterialEditorStats: Info Vertex shader: 68 instructions
[2016.01.30-21.39.57:709][827]MaterialEditorStats: Info Texture samplers: 4/16
[2016.01.30-21.40.05:460][154]Cmd: OBJ SAVEPACKAGE PACKAGE="/Game/Materials/Simon1_B" FILE="D:/PT/GGJ 2016/AlienRitual/AlienRitual/Content/Materials/Simon1_B.uasset" SILENT=true
[2016.01.30-21.40.05:480][154]LogSavePackage: Save=17.822851ms
[2016.01.30-21.40.05:480][154]LogSavePackage: Moving 'D:/PT/GGJ 2016/AlienRitual/AlienRitual/Saved/Simon1_BE9D0B8E044FA661FA192F5AD2834B40E.tmp' to 'D:/PT/GGJ 2016/AlienRitual/AlienRitual/Content/Materials/Simon1_B.uasset'
[2016.01.30-21.40.05:481][154]LogSavePackage: Total save time: 19.616466ms
[2016.01.30-21.40.05:481][154]LogSavePackage:Warning: Finished SavePackage D:/PT/GGJ 2016/AlienRitual/AlienRitual/Content/Materials/Simon1_B.uasset
[2016.01.30-21.40.11:182][418]LogMaterial: Missing cached shader map for material Simon1, compiling. 
[2016.01.30-21.40.14:573][531]LogMaterial: Missing cached shader map for material PreviewMaterial_0, compiling. 
[2016.01.30-21.40.14:715][531]LogMaterial: Missing cached shader map for material PreviewMaterial_0, compiling. 
[2016.01.30-21.40.14:728][531]LogMaterial: 0.000044 seconds spent updating 1 materials, 1 interfaces, 0 instances, 0 with static permutations.
[2016.01.30-21.40.14:756][531]LogMaterial: Missing cached shader map for material FMatExpressionPreview MaterialExpressionVectorParameter_0, compiling. 
[2016.01.30-21.40.21:427][751]LogMaterial: Missing cached shader map for material PreviewMaterial_0, compiling. 
[2016.01.30-21.40.21:441][751]LogMaterial: 0.000053 seconds spent updating 1 materials, 1 interfaces, 0 instances, 0 with static permutations.
[2016.01.30-21.40.21:470][751]LogMaterial: Missing cached shader map for material FMatExpressionPreview MaterialExpressionVectorParameter_0, compiling. 
[2016.01.30-21.40.22:814][793]LogMaterialEditor: Saving and Compiling material Simon1
[2016.01.30-21.40.24:120][793]LogMaterial: Missing cached shader map for material PreviewMaterial_0, compiling. 
[2016.01.30-21.40.24:177][793]LogMaterial: 0.000049 seconds spent updating 1 materials, 1 interfaces, 0 instances, 0 with static permutations.
[2016.01.30-21.40.24:216][793]LogMaterial: Missing cached shader map for material Simon1, compiling. 
[2016.01.30-21.40.24:258][793]LogMaterial: Missing cached shader map for material Simon1, compiling. 
[2016.01.30-21.40.24:277][793]LogMaterial: 0.001613 seconds spent updating 1 materials, 1 interfaces, 0 instances, 0 with static permutations.
[2016.01.30-21.40.33:099][793]Cmd: OBJ SAVEPACKAGE PACKAGE="/Game/Materials/Simon1" FILE="D:/PT/GGJ 2016/AlienRitual/AlienRitual/Content/Materials/Simon1.uasset" SILENT=true
[2016.01.30-21.40.33:118][793]LogSavePackage: Save=17.507795ms
[2016.01.30-21.40.33:118][793]LogSavePackage: Moving 'D:/PT/GGJ 2016/AlienRitual/AlienRitual/Saved/Simon16089310B4854F015FA9896BC74469C5C.tmp' to 'D:/PT/GGJ 2016/AlienRitual/AlienRitual/Content/Materials/Simon1.uasset'
[2016.01.30-21.40.33:119][793]LogSavePackage: Total save time: 19.221928ms
[2016.01.30-21.40.33:119][793]LogSavePackage:Warning: Finished SavePackage D:/PT/GGJ 2016/AlienRitual/AlienRitual/Content/Materials/Simon1.uasset
[2016.01.30-21.40.33:128][793]MaterialEditorStats: Info Base pass shader with only dynamic lighting: 42 instructions
[2016.01.30-21.40.33:128][793]MaterialEditorStats: Info Base pass shader for self shadowed translucency: 78 instructions
[2016.01.30-21.40.33:128][793]MaterialEditorStats: Info Vertex shader: 68 instructions
[2016.01.30-21.40.33:128][793]MaterialEditorStats: Info Texture samplers: 4/16
[2016.01.30-21.41.43:306][818]LogLinker:Warning: Asset 'D:/PT/GGJ 2016/AlienRitual/AlienRitual/Content/FirstPersonBP/Blueprints/FirstPersonHUD.uasset' has been saved with empty engine version. The asset will be loaded but may be incompatible.
[2016.01.30-21.41.44:429][864]LogLinker:Warning: Asset '../../../Engine/Content/ArtTools/RenderToTexture/Macros/RenderToTextureMacros.uasset' has been saved with empty engine version. The asset will be loaded but may be incompatible.
[2016.01.30-21.41.45:236][864]LogContentBrowser: Native class hierarchy updated for 'BlueprintGraph' in 0.0017 seconds. Added 107 classes and 0 folders.
[2016.01.30-21.45.59:541][452]LogActorComponent: UnregisterComponent: (/Engine/Transient.CharMoveComp) Not registered. Aborting.
[2016.01.30-21.45.59:598][452]LogParticles: Destroying 0 GPU particle simulations for FXSystem 0x0000021F22B3ADE0
[2016.01.30-21.45.59:604][452]LogParticles: Destroying 0 GPU particle simulations for FXSystem 0x0000021F0BDC4B80
[2016.01.30-21.45.59:604][452]LogParticles: Destroying 0 GPU particle simulations for FXSystem 0x0000021F132DE3E0
[2016.01.30-21.45.59:853][452]LogSavePackage: Save=216.907623ms
[2016.01.30-21.45.59:853][452]LogSavePackage: Moving 'D:/PT/GGJ 2016/AlienRitual/AlienRitual/Saved/FirstPersonExampleMap_Auto28FB8C89D416457C643F3FF98E862F22A.tmp' to 'D:/PT/GGJ 2016/AlienRitual/AlienRitual/Saved/Autosaves/Game/FirstPersonBP/Maps/FirstPersonExampleMap_Auto2.umap'
[2016.01.30-21.45.59:870][452]LogSavePackage: Total save time: 250.894096ms
[2016.01.30-21.45.59:870][452]LogSavePackage:Warning: Finished SavePackage D:/PT/GGJ 2016/AlienRitual/AlienRitual/Saved/Autosaves/Game/FirstPersonBP/Maps/FirstPersonExampleMap_Auto2.umap
[2016.01.30-21.45.59:876][452]LogFileHelpers: Editor autosave (incl. sublevels) for '/Game/FirstPersonBP/Maps/FirstPersonExampleMap' took 0.335
[2016.01.30-21.45.59:876][452]LogFileHelpers: Editor autosave (incl. sublevels) for all levels took 0.335
[2016.01.30-21.45.59:884][452]Cmd: OBJ SAVEPACKAGE PACKAGE="/Game/Materials/Glowy2" FILE="D:/PT/GGJ 2016/AlienRitual/AlienRitual/Saved/Autosaves/Game/Materials/Glowy2_Auto2.uasset" SILENT=false AUTOSAVING=true
[2016.01.30-21.45.59:892][452]LogSavePackage: Save=6.191314ms
[2016.01.30-21.45.59:892][452]LogSavePackage: Moving 'D:/PT/GGJ 2016/AlienRitual/AlienRitual/Saved/Glowy2_Auto22029676B4606A15422338E8351D9CAE7.tmp' to 'D:/PT/GGJ 2016/AlienRitual/AlienRitual/Saved/Autosaves/Game/Materials/Glowy2_Auto2.uasset'
[2016.01.30-21.45.59:893][452]LogSavePackage: Total save time: 7.683281ms
[2016.01.30-21.45.59:893][452]LogSavePackage:Warning: Finished SavePackage D:/PT/GGJ 2016/AlienRitual/AlienRitual/Saved/Autosaves/Game/Materials/Glowy2_Auto2.uasset
[2016.01.30-21.45.59:893][452]LogFileHelpers: Auto-saving content packages took 0.015
[2016.01.30-21.47.40:998][810]LogSavePackage: Save=207.047043ms
[2016.01.30-21.47.40:998][810]LogSavePackage: Moving 'D:/PT/GGJ 2016/AlienRitual/AlienRitual/Saved/FirstPersonExampleMap09FD99FB47EC37142E0085986E2F3BBF.tmp' to 'D:/PT/GGJ 2016/AlienRitual/AlienRitual/Content/FirstPersonBP/Maps/FirstPersonExampleMap.umap'
[2016.01.30-21.47.41:015][810]LogSavePackage: Total save time: 228.467021ms
[2016.01.30-21.47.41:016][810]LogSavePackage:Warning: Finished SavePackage D:/PT/GGJ 2016/AlienRitual/AlienRitual/Content/FirstPersonBP/Maps/FirstPersonExampleMap.umap
[2016.01.30-21.51.08:456][966]Cmd: OBJ SAVEPACKAGE PACKAGE="/Game/Materials/Simon1Instance" FILE="D:/PT/GGJ 2016/AlienRitual/AlienRitual/Content/Materials/Simon1Instance.uasset" SILENT=true
[2016.01.30-21.51.08:475][966]LogSavePackage: Save=17.430548ms
[2016.01.30-21.51.08:475][966]LogSavePackage: Moving 'D:/PT/GGJ 2016/AlienRitual/AlienRitual/Saved/Simon1Instance909B0A844B826BDBDD2710BE20B5D400.tmp' to 'D:/PT/GGJ 2016/AlienRitual/AlienRitual/Content/Materials/Simon1Instance.uasset'
[2016.01.30-21.51.08:477][966]LogSavePackage: Total save time: 19.625727ms
[2016.01.30-21.51.08:477][966]LogSavePackage:Warning: Finished SavePackage D:/PT/GGJ 2016/AlienRitual/AlienRitual/Content/Materials/Simon1Instance.uasset
[2016.01.30-22.15.48:574][216]LogEditorViewport: Clicking on Actor (context menu): StaticMeshActor (Simon1)
[2016.01.30-22.16.43:989][812]LogMaterial: Missing cached shader map for material PreviewMaterial_1, compiling. 
[2016.01.30-22.16.44:086][812]LogMaterial: Missing cached shader map for material PreviewMaterial_1, compiling. 
[2016.01.30-22.16.44:096][812]LogMaterial: 0.000115 seconds spent updating 1 materials, 1 interfaces, 0 instances, 0 with static permutations.
[2016.01.30-22.16.44:123][812]LogMaterial: Missing cached shader map for material FMatExpressionPreview MaterialExpressionVectorParameter_0, compiling. 
[2016.01.30-22.16.53:016][161]MaterialEditorStats: Info Base pass shader with only dynamic lighting: 26 instructions
[2016.01.30-22.16.53:016][161]MaterialEditorStats: Info Base pass shader for self shadowed translucency: 62 instructions
[2016.01.30-22.16.53:016][161]MaterialEditorStats: Info Vertex shader: 68 instructions
[2016.01.30-22.16.53:016][161]MaterialEditorStats: Info Texture samplers: 4/16
[2016.01.30-22.17.26:172][794]LogObjectTools:Warning: ForceReplaceReferences replaced references for a transient object 'MaterialEditorInstanceConstant_0' or package '/Engine/Transient'.
[2016.01.30-22.17.26:387][794]LogParticles: Destroying 0 GPU particle simulations for FXSystem 0x0000021F097CBC40
[2016.01.30-22.17.26:389][794]LogParticles: Destroying 0 GPU particle simulations for FXSystem 0x0000021F09627060
[2016.01.30-22.17.26:391][794]LogParticles: Destroying 0 GPU particle simulations for FXSystem 0x0000021F35B15120
[2016.01.30-22.17.35:259][314]Cmd: OBJ SAVEPACKAGE PACKAGE="/Game/Materials/Simon1_Inst" FILE="D:/PT/GGJ 2016/AlienRitual/AlienRitual/Content/Materials/Simon1_Inst.uasset" SILENT=true
[2016.01.30-22.17.35:280][314]LogSavePackage: Save=18.882614ms
[2016.01.30-22.17.35:280][314]LogSavePackage: Moving 'D:/PT/GGJ 2016/AlienRitual/AlienRitual/Saved/Simon1_Inst86103FF94066CB060CB40092E488D85F.tmp' to 'D:/PT/GGJ 2016/AlienRitual/AlienRitual/Content/Materials/Simon1_Inst.uasset'
[2016.01.30-22.17.35:282][314]LogSavePackage: Total save time: 21.152165ms
[2016.01.30-22.17.35:282][314]LogSavePackage:Warning: Finished SavePackage D:/PT/GGJ 2016/AlienRitual/AlienRitual/Content/Materials/Simon1_Inst.uasset
[2016.01.30-22.17.56:717][590]LogEditorViewport: Clicking on Actor (LMB): StaticMeshActor (Simon1)
[2016.01.30-22.18.41:176][891]LogActorComponent: UnregisterComponent: (/Engine/Transient.CharMoveComp) Not registered. Aborting.
[2016.01.30-22.18.41:437][891]LogSavePackage: Save=182.293915ms
[2016.01.30-22.18.41:437][891]LogSavePackage: Moving 'D:/PT/GGJ 2016/AlienRitual/AlienRitual/Saved/FirstPersonExampleMap_Auto367298A2643B6E78AA42E979A576FBD61.tmp' to 'D:/PT/GGJ 2016/AlienRitual/AlienRitual/Saved/Autosaves/Game/FirstPersonBP/Maps/FirstPersonExampleMap_Auto3.umap'
[2016.01.30-22.18.41:446][891]LogSavePackage: Total save time: 206.653461ms
[2016.01.30-22.18.41:446][891]LogSavePackage:Warning: Finished SavePackage D:/PT/GGJ 2016/AlienRitual/AlienRitual/Saved/Autosaves/Game/FirstPersonBP/Maps/FirstPersonExampleMap_Auto3.umap
[2016.01.30-22.18.41:451][891]LogFileHelpers: Editor autosave (incl. sublevels) for '/Game/FirstPersonBP/Maps/FirstPersonExampleMap' took 0.274
[2016.01.30-22.18.41:451][891]LogFileHelpers: Editor autosave (incl. sublevels) for all levels took 0.274
[2016.01.30-22.24.32:620][964]AssetReimport: New page: Outstanding source content changes 10:24:32 AM
[2016.01.30-22.24.32:621][964]LogFactory: FactoryCreateBinary: Texture with ReimportTextureFactory (0 0 D:/PT/GGJ 2016/AlienRitual/AlienRitual/Content/Menu/planets.png)
[2016.01.30-22.24.52:127][965]Cmd: OBJ SAVEPACKAGE PACKAGE="/Game/Menu/planets" FILE="D:/PT/GGJ 2016/AlienRitual/AlienRitual/Content/Menu/planets.uasset" SILENT=true
[2016.01.30-22.24.54:655][965]LogSavePackage: Save=2526.755127ms
[2016.01.30-22.24.54:655][965]LogSavePackage: Moving 'D:/PT/GGJ 2016/AlienRitual/AlienRitual/Saved/planets7527FB1F454009552A9EAAA6DC85098B.tmp' to 'D:/PT/GGJ 2016/AlienRitual/AlienRitual/Content/Menu/planets.uasset'
[2016.01.30-22.24.54:657][965]LogSavePackage: Total save time: 2529.208917ms
[2016.01.30-22.24.54:657][965]LogSavePackage:Warning: Finished SavePackage D:/PT/GGJ 2016/AlienRitual/AlienRitual/Content/Menu/planets.uasset
[2016.01.30-22.24.57:678][120]AssetReimport: Info Importing new asset /Game/Menu/planets.
[2016.01.30-22.25.02:051][310]LogSavePackage: Save=194.242416ms
[2016.01.30-22.25.02:051][310]LogSavePackage: Moving 'D:/PT/GGJ 2016/AlienRitual/AlienRitual/Saved/FirstPersonExampleMap66CAD1F84145FB90BE10A5B6BAEFB357.tmp' to 'D:/PT/GGJ 2016/AlienRitual/AlienRitual/Content/FirstPersonBP/Maps/FirstPersonExampleMap.umap'
[2016.01.30-22.25.02:054][310]LogSavePackage: Total save time: 221.250419ms
[2016.01.30-22.25.02:054][310]LogSavePackage:Warning: Finished SavePackage D:/PT/GGJ 2016/AlienRitual/AlienRitual/Content/FirstPersonBP/Maps/FirstPersonExampleMap.umap
[2016.01.30-22.25.02:098][310]LogFileHelpers: Saving map 'FirstPersonExampleMap' took 0.820
[2016.01.30-22.25.02:107][310]Cmd: OBJ SAVEPACKAGE PACKAGE="/Game/Materials/Glowy2" FILE="D:/PT/GGJ 2016/AlienRitual/AlienRitual/Content/Materials/Glowy2.uasset" SILENT=true
[2016.01.30-22.25.02:112][310]LogSavePackage: Save=3.680761ms
[2016.01.30-22.25.02:112][310]LogSavePackage: Moving 'D:/PT/GGJ 2016/AlienRitual/AlienRitual/Saved/Glowy2D827B9EB45AA60106F52078A3F268C90.tmp' to 'D:/PT/GGJ 2016/AlienRitual/AlienRitual/Content/Materials/Glowy2.uasset'
[2016.01.30-22.25.02:114][310]LogSavePackage: Total save time: 5.389787ms
[2016.01.30-22.25.02:114][310]LogSavePackage:Warning: Finished SavePackage D:/PT/GGJ 2016/AlienRitual/AlienRitual/Content/Materials/Glowy2.uasset
[2016.01.30-22.31.06:551][ 20]Cmd: CLOSE_SLATE_MAINFRAME
[2016.01.30-22.31.07:012][ 20]LogWindowsTextInputMethodSystem:Display: IME system now deactivated.
[2016.01.30-22.31.07:394][ 21]Cmd: QUIT_EDITOR
[2016.01.30-22.31.07:747][ 21]LogExit: Preparing to exit.
[2016.01.30-22.31.08:685][ 21]LogExit: Editor shut down
[2016.01.30-22.31.08:688][ 21]LogExit: Transaction tracking system shut down
[2016.01.30-22.31.08:692][ 21]LogParticles: Destroying 0 GPU particle simulations for FXSystem 0x0000021F097CBD80
[2016.01.30-22.31.08:705][ 21]LogParticles: Destroying 0 GPU particle simulations for FXSystem 0x0000021F53507880
[2016.01.30-22.31.08:708][ 21]LogParticles: Destroying 0 GPU particle simulations for FXSystem 0x0000021F23115080
[2016.01.30-22.31.08:712][ 21]LogParticles: Destroying 0 GPU particle simulations for FXSystem 0x0000021F3A124860
[2016.01.30-22.31.08:713][ 21]LogParticles: Destroying 0 GPU particle simulations for FXSystem 0x0000021F6C957880
[2016.01.30-22.31.08:714][ 21]LogParticles: Destroying 0 GPU particle simulations for FXSystem 0x0000021F6D5E4180
[2016.01.30-22.31.08:715][ 21]LogParticles: Destroying 0 GPU particle simulations for FXSystem 0x0000021F0BD56200
[2016.01.30-22.31.09:265][ 21]LogExit: Object subsystem successfully closed.
[2016.01.30-22.31.09:317][ 21]LogD3D11RHI: Shutdown
[2016.01.30-22.31.09:317][ 21]LogD3D11RHI: CleanupD3DDevice
[2016.01.30-22.31.09:445][ 21]LogD3D11RHI: ~FD3D11DynamicRHI
[2016.01.30-22.31.09:518][ 21]LogModuleManager: Shutting down and abandoning module BlueprintGraph (201)
[2016.01.30-22.31.09:518][ 21]LogModuleManager: Shutting down and abandoning module StaticMeshEditor (200)
[2016.01.30-22.31.09:518][ 21]LogModuleManager: Shutting down and abandoning module MaterialEditor (199)
[2016.01.30-22.31.09:518][ 21]LogModuleManager: Shutting down and abandoning module SoundCueEditor (198)
[2016.01.30-22.31.09:518][ 21]LogModuleManager: Shutting down and abandoning module CrashTracker (197)
[2016.01.30-22.31.09:519][ 21]LogModuleManager: Shutting down and abandoning module SceneOutliner (196)
[2016.01.30-22.31.09:519][ 21]LogModuleManager: Shutting down and abandoning module SuperSearch (195)
[2016.01.30-22.31.09:519][ 21]LogModuleManager: Shutting down and abandoning module WidgetCarousel (194)
[2016.01.30-22.31.09:519][ 21]LogModuleManager: Shutting down and abandoning module AddContentDialog (193)
[2016.01.30-22.31.09:528][ 21]LogModuleManager: Shutting down and abandoning module EditorWidgets (192)
[2016.01.30-22.31.09:528][ 21]LogModuleManager: Shutting down and abandoning module CollectionManager (191)
[2016.01.30-22.31.09:529][ 21]LogModuleManager: Shutting down and abandoning module StatsViewer (190)
[2016.01.30-22.31.09:530][ 21]LogModuleManager: Shutting down and abandoning module FoliageEdit (189)
[2016.01.30-22.31.09:530][ 21]LogModuleManager: Shutting down and abandoning module LandscapeEditor (188)
[2016.01.30-22.31.09:532][ 21]LogModuleManager: Shutting down and abandoning module ActorPickerMode (187)
[2016.01.30-22.31.09:532][ 21]LogModuleManager: Shutting down and abandoning module GeometryMode (186)
[2016.01.30-22.31.09:532][ 21]LogModuleManager: Shutting down and abandoning module TextureAlignMode (185)
[2016.01.30-22.31.09:532][ 21]LogModuleManager: Shutting down and abandoning module BspMode (184)
[2016.01.30-22.31.09:532][ 21]LogModuleManager: Shutting down and abandoning module PlacementMode (183)
[2016.01.30-22.31.09:532][ 21]LogModuleManager: Shutting down and abandoning module AutomationWorker (182)
[2016.01.30-22.31.09:533][ 21]LogModuleManager: Shutting down and abandoning module CharacterAI (181)
[2016.01.30-22.31.09:533][ 21]LogModuleManager: Shutting down and abandoning module SmartSnapping (180)
[2016.01.30-22.31.09:533][ 21]LogModuleManager: Shutting down and abandoning module ViewportSnapping (179)
[2016.01.30-22.31.09:533][ 21]LogModuleManager: Shutting down and abandoning module LogVisualizer (178)
[2016.01.30-22.31.09:541][ 21]LogModuleManager: Shutting down and abandoning module GameProjectGeneration (177)
[2016.01.30-22.31.09:541][ 21]LogModuleManager: Shutting down and abandoning module IntroTutorials (176)
[2016.01.30-22.31.09:543][ 21]LogModuleManager: Shutting down and abandoning module EditorLiveStreaming (175)
[2016.01.30-22.31.09:544][ 21]LogModuleManager: Shutting down and abandoning module IOSPlatformEditor (174)
[2016.01.30-22.31.09:544][ 21]LogModuleManager: Shutting down and abandoning module HTML5PlatformEditor (173)
[2016.01.30-22.31.09:544][ 21]LogModuleManager: Shutting down and abandoning module AndroidDeviceDetection (172)
[2016.01.30-22.31.09:854][ 21]LogModuleManager: Shutting down and abandoning module AndroidPlatformEditor (171)
[2016.01.30-22.31.09:854][ 21]LogModuleManager: Shutting down and abandoning module IOSRuntimeSettings (170)
[2016.01.30-22.31.09:854][ 21]LogModuleManager: Shutting down and abandoning module AndroidRuntimeSettings (169)
[2016.01.30-22.31.09:854][ 21]LogModuleManager: Shutting down and abandoning module MergeActors (168)
[2016.01.30-22.31.09:857][ 21]LogModuleManager: Shutting down and abandoning module SizeMap (167)
[2016.01.30-22.31.09:857][ 21]LogModuleManager: Shutting down and abandoning module TreeMap (166)
[2016.01.30-22.31.09:858][ 21]LogModuleManager: Shutting down and abandoning module ReferenceViewer (165)
[2016.01.30-22.31.09:858][ 21]LogModuleManager: Shutting down and abandoning module LocalizationService (164)
[2016.01.30-22.31.09:859][ 21]LogModuleManager: Shutting down and abandoning module LocalizationDashboard (163)
[2016.01.30-22.31.09:860][ 21]LogModuleManager: Shutting down and abandoning module HardwareTargeting (162)
[2016.01.30-22.31.09:860][ 21]LogModuleManager: Shutting down and abandoning module DeviceProfileEditor (161)
[2016.01.30-22.31.09:860][ 21]LogModuleManager: Shutting down and abandoning module UndoHistory (160)
[2016.01.30-22.31.09:860][ 21]LogModuleManager: Shutting down and abandoning module GameplayTagsEditor (159)
[2016.01.30-22.31.09:860][ 21]LogModuleManager: Shutting down and abandoning module UserFeedback (158)
[2016.01.30-22.31.09:860][ 21]LogModuleManager: Shutting down and abandoning module XmlParser (157)
[2016.01.30-22.31.09:861][ 21]LogModuleManager: Shutting down and abandoning module Blutility (156)
[2016.01.30-22.31.09:861][ 21]LogModuleManager: Shutting down and abandoning module ProjectTargetPlatformEditor (155)
[2016.01.30-22.31.09:862][ 21]LogModuleManager: Shutting down and abandoning module ProjectSettingsViewer (154)
[2016.01.30-22.31.09:862][ 21]LogModuleManager: Shutting down and abandoning module InputBindingEditor (153)
[2016.01.30-22.31.09:863][ 21]LogModuleManager: Shutting down and abandoning module EditorSettingsViewer (152)
[2016.01.30-22.31.09:863][ 21]LogModuleManager: Shutting down and abandoning module SettingsEditor (151)
[2016.01.30-22.31.09:864][ 21]LogModuleManager: Shutting down and abandoning module ProjectLauncher (150)
[2016.01.30-22.31.09:865][ 21]LogModuleManager: Shutting down and abandoning module SessionFrontend (149)
[2016.01.30-22.31.09:866][ 21]LogModuleManager: Shutting down and abandoning module ProfilerClient (148)
[2016.01.30-22.31.09:866][ 21]LogModuleManager: Shutting down and abandoning module TargetDeviceServices (147)
[2016.01.30-22.31.09:866][ 21]LogModuleManager: Shutting down and abandoning module DeviceManager (146)
[2016.01.30-22.31.09:867][ 21]LogModuleManager: Shutting down and abandoning module AutomationController (145)
[2016.01.30-22.31.09:868][ 21]LogModuleManager: Shutting down and abandoning module AutomationWindow (144)
[2016.01.30-22.31.09:868][ 21]LogModuleManager: Shutting down and abandoning module Layers (143)
[2016.01.30-22.31.09:871][ 21]LogModuleManager: Shutting down and abandoning module ComponentVisualizers (142)
[2016.01.30-22.31.09:871][ 21]LogModuleManager: Shutting down and abandoning module DetailCustomizations (141)
[2016.01.30-22.31.09:871][ 21]LogModuleManager: Shutting down and abandoning module PackagesDialog (140)
[2016.01.30-22.31.09:872][ 21]LogModuleManager: Shutting down and abandoning module Persona (139)
[2016.01.30-22.31.09:874][ 21]LogModuleManager: Shutting down and abandoning module Kismet (138)
[2016.01.30-22.31.09:874][ 21]LogModuleManager: Shutting down and abandoning module GraphEditor (137)
[2016.01.30-22.31.09:874][ 21]LogModuleManager: Shutting down and abandoning module ClassViewer (136)
[2016.01.30-22.31.09:875][ 21]LogModuleManager: Shutting down and abandoning module Toolbox (135)
[2016.01.30-22.31.09:875][ 21]LogModuleManager: Shutting down and abandoning module ModuleUI (134)
[2016.01.30-22.31.09:875][ 21]LogModuleManager: Shutting down and abandoning module MovieSceneTools (133)
[2016.01.30-22.31.09:876][ 21]LogModuleManager: Shutting down and abandoning module OutputLog (132)
[2016.01.30-22.31.09:877][ 21]LogModuleManager: Shutting down and abandoning module GammaUI (131)
[2016.01.30-22.31.09:877][ 21]LogModuleManager: Shutting down and abandoning module Documentation (130)
[2016.01.30-22.31.09:878][ 21]LogModuleManager: Shutting down and abandoning module GameLiveStreaming (129)
[2016.01.30-22.31.09:879][ 21]LogModuleManager: Shutting down and abandoning module StreamingPauseRendering (128)
[2016.01.30-22.31.09:879][ 21]LogModuleManager: Shutting down and abandoning module AnalyticsET (127)
[2016.01.30-22.31.09:879][ 21]LogModuleManager: Shutting down and abandoning module Analytics (126)
[2016.01.30-22.31.09:879][ 21]LogModuleManager: Shutting down and abandoning module AITestSuite (125)
[2016.01.30-22.31.09:880][ 21]LogModuleManager: Shutting down and abandoning module GameplayDebugger (124)
[2016.01.30-22.31.09:880][ 21]LogModuleManager: Shutting down and abandoning module AIModule (123)
[2016.01.30-22.31.09:880][ 21]LogModuleManager: Shutting down and abandoning module ProfilerService (122)
[2016.01.30-22.31.09:883][ 21]LogModuleManager: Shutting down and abandoning module TaskGraph (121)
[2016.01.30-22.31.09:884][ 21]LogModuleManager: Shutting down and abandoning module SlateRemote (120)
[2016.01.30-22.31.09:884][ 21]LogModuleManager: Shutting down and abandoning module SteamVRController (119)
[2016.01.30-22.31.09:884][ 21]LogModuleManager: Shutting down and abandoning module SteamVR (118)
[2016.01.30-22.31.09:884][ 21]LogModuleManager: Shutting down and abandoning module ProceduralMeshComponent (117)
[2016.01.30-22.31.09:884][ 21]LogModuleManager: Shutting down and abandoning module OculusRift (116)
[2016.01.30-22.31.09:885][ 21]LogModuleManager: Shutting down and abandoning module OculusLibrary (115)
[2016.01.30-22.31.09:885][ 21]LogModuleManager: Shutting down and abandoning module LeapMotionController (114)
[2016.01.30-22.31.09:899][ 21]LogModuleManager: Shutting down and abandoning module CustomMeshComponent (113)
[2016.01.30-22.31.09:899][ 21]LogModuleManager: Shutting down and abandoning module CableComponent (112)
[2016.01.30-22.31.09:899][ 21]LogModuleManager: Shutting down and abandoning module ArchVisCharacter (111)
[2016.01.30-22.31.09:899][ 21]LogModuleManager: Shutting down and abandoning module MessagingDebugger (110)
[2016.01.30-22.31.09:902][ 21]LogModuleManager: Shutting down and abandoning module MediaPlayerEditor (109)
[2016.01.30-22.31.09:904][ 21]LogModuleManager: Shutting down and abandoning module HTML5Networking (108)
[2016.01.30-22.31.09:904][ 21]LogModuleManager: Shutting down and abandoning module SpeedTreeImporter (107)
[2016.01.30-22.31.09:904][ 21]LogModuleManager: Shutting down and abandoning module PluginBrowser (106)
[2016.01.30-22.31.09:905][ 21]LogModuleManager: Shutting down and abandoning module EpicSurvey (105)
[2016.01.30-22.31.09:905][ 21]LogModuleManager: Shutting down and abandoning module DesktopPlatform (104)
[2016.01.30-22.31.09:906][ 21]LogModuleManager: Shutting down and abandoning module VisualStudioSourceCodeAccess (103)
[2016.01.30-22.31.09:907][ 21]LogModuleManager: Shutting down and abandoning module UObjectPlugin (102)
[2016.01.30-22.31.09:907][ 21]LogModuleManager: Shutting down and abandoning module SubversionSourceControl (101)
[2016.01.30-22.31.09:908][ 21]LogModuleManager: Shutting down and abandoning module PerforceSourceControl (100)
[2016.01.30-22.31.09:909][ 21]LogModuleManager: Shutting down and abandoning module SourceControl (99)
[2016.01.30-22.31.09:910][ 21]LogModuleManager: Shutting down and abandoning module GitSourceControl (98)
[2016.01.30-22.31.09:911][ 21]LogModuleManager: Shutting down and abandoning module LightPropagationVolumeEditor (97)
[2016.01.30-22.31.09:911][ 21]LogModuleManager: Shutting down and abandoning module PaperTiledImporter (96)
[2016.01.30-22.31.09:911][ 21]LogModuleManager: Shutting down and abandoning module PaperSpriteSheetImporter (95)
[2016.01.30-22.31.09:912][ 21]LogModuleManager: Shutting down and abandoning module MeshPaint (94)
[2016.01.30-22.31.09:912][ 21]LogModuleManager: Shutting down and abandoning module SlateReflector (93)
[2016.01.30-22.31.09:913][ 21]LogModuleManager: Shutting down and abandoning module HotReload (92)
[2016.01.30-22.31.09:913][ 21]LogModuleManager: Shutting down and abandoning module MainFrame (91)
[2016.01.30-22.31.09:914][ 21]LogModuleManager: Shutting down and abandoning module LevelEditor (90)
[2016.01.30-22.31.09:917][ 21]LogModuleManager: Shutting down and abandoning module DirectoryWatcher (89)
[2016.01.30-22.31.09:923][ 21]LogModuleManager: Shutting down and abandoning module AssetRegistry (88)
[2016.01.30-22.31.10:020][ 21]LogModuleManager: Shutting down and abandoning module ContentBrowser (87)
[2016.01.30-22.31.10:021][ 21]LogModuleManager: Shutting down and abandoning module Paper2DEditor (86)
[2016.01.30-22.31.10:024][ 21]LogModuleManager: Shutting down and abandoning module UdpMessaging (85)
[2016.01.30-22.31.10:125][ 21]LogModuleManager: Shutting down and abandoning module LightPropagationVolumeRuntime (84)
[2016.01.30-22.31.10:125][ 21]LogModuleManager: Shutting down and abandoning module Paper2D (83)
[2016.01.30-22.31.10:127][ 21]LogModuleManager: Shutting down and abandoning module WindowsMoviePlayer (82)
[2016.01.30-22.31.10:132][ 21]LogModuleManager: Shutting down and abandoning module Media (81)
[2016.01.30-22.31.10:132][ 21]LogModuleManager: Shutting down and abandoning module WmfMedia (80)
[2016.01.30-22.31.10:135][ 21]LogModuleManager: Shutting down and abandoning module OnlineBlueprintSupport (79)
[2016.01.30-22.31.10:135][ 21]LogModuleManager: Shutting down and abandoning module GameplayTasksEditor (78)
[2016.01.30-22.31.10:135][ 21]LogModuleManager: Shutting down and abandoning module PropertyEditor (77)
[2016.01.30-22.31.10:135][ 21]LogModuleManager: Shutting down and abandoning module BehaviorTreeEditor (76)
[2016.01.30-22.31.10:137][ 21]LogModuleManager: Shutting down and abandoning module FunctionalTesting (75)
[2016.01.30-22.31.10:137][ 21]LogModuleManager: Shutting down and abandoning module CollisionAnalyzer (74)
[2016.01.30-22.31.10:138][ 21]LogModuleManager: Shutting down and abandoning module WorkspaceMenuStructure (73)
[2016.01.30-22.31.10:138][ 21]LogModuleManager: Shutting down and abandoning module MessageLog (72)
[2016.01.30-22.31.10:138][ 21]LogModuleManager: Shutting down and abandoning module Sequencer (71)
[2016.01.30-22.31.10:139][ 21]LogModuleManager: Shutting down and abandoning module AssetTools (70)
[2016.01.30-22.31.10:142][ 21]LogModuleManager: Shutting down and abandoning module UMGEditor (69)
[2016.01.30-22.31.10:144][ 21]LogModuleManager: Shutting down and abandoning module UMG (68)
[2016.01.30-22.31.10:144][ 21]LogModuleManager: Shutting down and abandoning module Slate (67)
[2016.01.30-22.31.10:144][ 21]LogModuleManager: Shutting down and abandoning module EditorStyle (66)
[2016.01.30-22.31.10:149][ 21]LogModuleManager: Shutting down and abandoning module SessionServices (65)
[2016.01.30-22.31.10:149][ 21]LogModuleManager: Shutting down and abandoning module SourceCodeAccess (64)
[2016.01.30-22.31.10:149][ 21]LogModuleManager: Shutting down and abandoning module HeadMountedDisplay (63)
[2016.01.30-22.31.10:149][ 21]LogModuleManager: Shutting down and abandoning module XAudio2 (62)
[2016.01.30-22.31.10:149][ 21]LogModuleManager: Shutting down and abandoning module Networking (60)
[2016.01.30-22.31.10:149][ 21]LogModuleManager: Shutting down and abandoning module Core (59)
[2016.01.30-22.31.10:149][ 21]LogModuleManager: Shutting down and abandoning module KismetCompiler (58)
[2016.01.30-22.31.10:149][ 21]LogModuleManager: Shutting down and abandoning module PhysXFormats (57)
[2016.01.30-22.31.10:150][ 21]LogModuleManager: Shutting down and abandoning module MeshUtilities (56)
[2016.01.30-22.31.10:151][ 21]LogModuleManager: Shutting down and abandoning module CookingStats (55)
[2016.01.30-22.31.10:154][ 21]LogModuleManager: Shutting down and abandoning module DerivedDataCache (54)
[2016.01.30-22.31.10:164][ 21]LogDerivedDataCache: Shutdown
[2016.01.30-22.31.10:164][ 21]LogModuleManager: Shutting down and abandoning module ShaderFormatOpenGL (53)
[2016.01.30-22.31.10:165][ 21]LogModuleManager: Shutting down and abandoning module ShaderFormatD3D (52)
[2016.01.30-22.31.10:165][ 21]LogModuleManager: Shutting down and abandoning module MetalShaderFormat (51)
[2016.01.30-22.31.10:165][ 21]LogModuleManager: Shutting down and abandoning module TextureFormatUncompressed (50)
[2016.01.30-22.31.10:165][ 21]LogModuleManager: Shutting down and abandoning module TextureFormatPVR (49)
[2016.01.30-22.31.10:166][ 21]LogModuleManager: Shutting down and abandoning module TextureFormatIntelISPCTexComp (48)
[2016.01.30-22.31.10:166][ 21]LogModuleManager: Shutting down and abandoning module TextureFormatDXT (47)
[2016.01.30-22.31.10:166][ 21]LogModuleManager: Shutting down and abandoning module ImageWrapper (46)
[2016.01.30-22.31.10:167][ 21]LogModuleManager: Shutting down and abandoning module TextureFormatASTC (45)
[2016.01.30-22.31.10:167][ 21]LogModuleManager: Shutting down and abandoning module TextureFormatAndroid (44)
[2016.01.30-22.31.10:167][ 21]LogModuleManager: Shutting down and abandoning module AudioFormatOpus (43)
[2016.01.30-22.31.10:167][ 21]LogModuleManager: Shutting down and abandoning module AudioFormatOgg (42)
[2016.01.30-22.31.10:167][ 21]LogModuleManager: Shutting down and abandoning module AudioFormatADPCM (41)
[2016.01.30-22.31.10:168][ 21]LogModuleManager: Shutting down and abandoning module LinuxTargetPlatform (40)
[2016.01.30-22.31.10:168][ 21]LogModuleManager: Shutting down and abandoning module LinuxServerTargetPlatform (39)
[2016.01.30-22.31.10:168][ 21]LogModuleManager: Shutting down and abandoning module LinuxNoEditorTargetPlatform (38)
[2016.01.30-22.31.10:169][ 21]LogModuleManager: Shutting down and abandoning module Messaging (37)
[2016.01.30-22.31.10:169][ 21]LogModuleManager: Shutting down and abandoning module IOSTargetPlatform (36)
[2016.01.30-22.31.10:169][ 21]LogModuleManager: Shutting down and abandoning module HTML5TargetPlatform (35)
[2016.01.30-22.31.10:169][ 21]LogModuleManager: Shutting down and abandoning module Android_PVRTCTargetPlatform (34)
[2016.01.30-22.31.10:169][ 21]LogModuleManager: Shutting down and abandoning module Android_ETC2TargetPlatform (33)
[2016.01.30-22.31.10:170][ 21]LogModuleManager: Shutting down and abandoning module Android_ETC1TargetPlatform (32)
[2016.01.30-22.31.10:170][ 21]LogModuleManager: Shutting down and abandoning module Android_DXTTargetPlatform (31)
[2016.01.30-22.31.10:170][ 21]LogModuleManager: Shutting down and abandoning module Android_ATCTargetPlatform (30)
[2016.01.30-22.31.10:171][ 21]LogModuleManager: Shutting down and abandoning module Android_ASTCTargetPlatform (29)
[2016.01.30-22.31.10:171][ 21]LogModuleManager: Shutting down and abandoning module AndroidTargetPlatform (28)
[2016.01.30-22.31.10:171][ 21]LogModuleManager: Shutting down and abandoning module WindowsTargetPlatform (27)
[2016.01.30-22.31.10:171][ 21]LogModuleManager: Shutting down and abandoning module WindowsServerTargetPlatform (26)
[2016.01.30-22.31.10:172][ 21]LogModuleManager: Shutting down and abandoning module WindowsNoEditorTargetPlatform (25)
[2016.01.30-22.31.10:172][ 21]LogModuleManager: Shutting down and abandoning module WindowsClientTargetPlatform (24)
[2016.01.30-22.31.10:173][ 21]LogModuleManager: Shutting down and abandoning module AllDesktopTargetPlatform (23)
[2016.01.30-22.31.10:173][ 21]LogModuleManager: Shutting down and abandoning module TargetPlatform (22)
[2016.01.30-22.31.10:173][ 21]LogModuleManager: Shutting down and abandoning module InputCore (21)
[2016.01.30-22.31.10:173][ 21]LogModuleManager: Shutting down and abandoning module Settings (20)
[2016.01.30-22.31.10:173][ 21]LogModuleManager: Shutting down and abandoning module OnlineSubsystem (18)
[2016.01.30-22.31.10:173][ 21]LogModuleManager: Shutting down and abandoning module HTTP (17)
[2016.01.30-22.31.12:177][ 21]LogModuleManager: Shutting down and abandoning module XMPP (16)
[2016.01.30-22.31.12:179][ 21]LogModuleManager: Shutting down and abandoning module ExampleDeviceProfileSelector (15)
[2016.01.30-22.31.12:179][ 21]LogModuleManager: Shutting down and abandoning module TextureCompressor (14)
[2016.01.30-22.31.12:179][ 21]LogModuleManager: Shutting down and abandoning module ShaderCore (13)
[2016.01.30-22.31.12:179][ 21]LogModuleManager: Shutting down and abandoning module Landscape (12)
[2016.01.30-22.31.12:179][ 21]LogModuleManager: Shutting down and abandoning module SlateRHIRenderer (11)
[2016.01.30-22.31.12:211][ 21]LogModuleManager: Shutting down and abandoning module OpenGLDrv (10)
[2016.01.30-22.31.12:212][ 21]LogModuleManager: Shutting down and abandoning module D3D11RHI (9)
[2016.01.30-22.31.12:212][ 21]LogModuleManager: Shutting down and abandoning module AnimGraphRuntime (8)
[2016.01.30-22.31.12:212][ 21]LogModuleManager: Shutting down and abandoning module Renderer (7)
[2016.01.30-22.31.12:212][ 21]LogModuleManager: Shutting down and abandoning module Engine (6)
[2016.01.30-22.31.12:212][ 21]LogModuleManager: Shutting down and abandoning module CoreUObject (5)
[2016.01.30-22.31.12:212][ 21]LogModuleManager: Shutting down and abandoning module NetworkFile (4)
[2016.01.30-22.31.12:212][ 21]LogModuleManager: Shutting down and abandoning module StreamingFile (3)
[2016.01.30-22.31.12:213][ 21]LogModuleManager: Shutting down and abandoning module SandboxFile (2)
[2016.01.30-22.31.12:213][ 21]LogModuleManager: Shutting down and abandoning module PakFile (1)
[2016.01.30-22.31.12:215][ 21]LogExit: Exiting.
[2016.01.30-22.31.12:242][ 21]Log file closed, 01/30/16 16:31:12
