[2016.01.30-17.28.43:753][  0]Log file open, 01/30/16 11:28:43
[2016.01.30-17.28.43:753][  0]LogInit:Display: Running engine for game: AlienRitual
[2016.01.30-17.28.43:753][  0]LogInit:Display: RandInit(2060998561) SRandInit(2060998562).
[2016.01.30-17.28.43:753][  0]LogTaskGraph: Started task graph with 4 named threads and 5 total threads.
[2016.01.30-17.28.43:753][  0]LogStats: Stats thread started at 0.090898
[2016.01.30-17.28.43:753][  0]LogInit: Version: 4.9.2-2707645+++depot+UE4-Releases+4.9
[2016.01.30-17.28.43:753][  0]LogInit: API Version: 2672455
[2016.01.30-17.28.43:753][  0]LogInit: Compiled (64-bit): Sep 28 2015 10:25:44
[2016.01.30-17.28.43:753][  0]LogInit: Compiled with Visual C++: 18.00.21005.01
[2016.01.30-17.28.43:753][  0]LogInit: Build Configuration: Development
[2016.01.30-17.28.43:753][  0]LogInit: Branch Name: ++depot+UE4-Releases+4.9
[2016.01.30-17.28.43:753][  0]LogInit: Command line: 
[2016.01.30-17.28.43:753][  0]LogInit: Base directory: C:/Program Files (x86)/Epic Games/4.9/Engine/Binaries/Win64/
[2016.01.30-17.28.43:753][  0]LogInit: Rocket: 1
[2016.01.30-17.28.43:765][  0]LogInit: Using libcurl 7.41.0
[2016.01.30-17.28.43:765][  0]LogInit:  - built for x86_64-pc-win32
[2016.01.30-17.28.43:765][  0]LogInit:  - supports SSL with WinSSL
[2016.01.30-17.28.43:765][  0]LogInit:  - other features:
[2016.01.30-17.28.43:765][  0]LogInit:      CURL_VERSION_SSL
[2016.01.30-17.28.43:765][  0]LogInit:      CURL_VERSION_IPV6
[2016.01.30-17.28.43:765][  0]LogInit:      CURL_VERSION_ASYNCHDNS
[2016.01.30-17.28.43:765][  0]LogInit:      CURL_VERSION_LARGEFILE
[2016.01.30-17.28.43:765][  0]LogInit:      CURL_VERSION_IDN
[2016.01.30-17.28.43:765][  0]LogInit:  CurlRequestOptions (configurable via config and command line):
[2016.01.30-17.28.43:765][  0]LogInit:  - bVerifyPeer = true  - Libcurl will verify peer certificate
[2016.01.30-17.28.43:765][  0]LogInit:  - bUseHttpProxy = false  - Libcurl will NOT use HTTP proxy
[2016.01.30-17.28.43:765][  0]LogInit:  - bDontReuseConnections = false  - Libcurl will reuse connections
[2016.01.30-17.28.43:765][  0]LogInit:  - CertBundlePath = nullptr  - Libcurl will use whatever was configured at build time.
[2016.01.30-17.28.43:775][  0]LogInit: Presizing for 0 objects not considered by GC, pre-allocating 0 bytes.
[2016.01.30-17.28.43:788][  0]LogInit: Object subsystem initialized
[2016.01.30-17.28.43:793][  0]LogInit: Selected Device Profile: [Windows]
[2016.01.30-17.28.43:793][  0]LogInit: Applying CVar settings loaded from the selected device profile: [Windows]
[2016.01.30-17.28.43:814][  0]LogInit: Computer: RUSL-PC
[2016.01.30-17.28.43:814][  0]LogInit: User: Rusl
[2016.01.30-17.28.43:814][  0]LogInit: CPU Page size=4096, Cores=2
[2016.01.30-17.28.43:814][  0]LogInit: High frequency timer resolution =3.132773 MHz
[2016.01.30-17.28.43:814][  0]LogMemory: Memory total: Physical=3.9GB (4GB approx)
[2016.01.30-17.28.43:814][  0]LogMemory: Platform Memory Stats for Windows
[2016.01.30-17.28.43:815][  0]LogMemory: Process Physical Memory: 53.54 MB used, 53.54 MB peak
[2016.01.30-17.28.43:815][  0]LogMemory: Process Virtual Memory: 57.13 MB used, 57.13 MB peak
[2016.01.30-17.28.43:815][  0]LogMemory: Physical Memory: 2362.73 MB used, 4023.11 MB total
[2016.01.30-17.28.43:815][  0]LogMemory: Virtual Memory: 369.21 MB used, 134217728.00 MB total
[2016.01.30-17.28.43:863][  0]LogTextLocalizationManager: No specific translations for ('en-US') exist, so ('en') translations will be used.
[2016.01.30-17.28.44:858][  0]LogD3D11RHI: Found D3D11 adapter 0: NVIDIA GeForce GTX 580 (Feature Level 11_0)
[2016.01.30-17.28.44:858][  0]LogD3D11RHI: Adapter has 1488MB of dedicated video memory, 0MB of dedicated system memory, and 2011MB of shared system memory, 2 output[s]
[2016.01.30-17.28.44:861][  0]LogD3D11RHI: Found D3D11 adapter 1: Microsoft Basic Render Driver (Feature Level 11_0)
[2016.01.30-17.28.44:861][  0]LogD3D11RHI: Adapter has 0MB of dedicated video memory, 0MB of dedicated system memory, and 2011MB of shared system memory, 0 output[s]
[2016.01.30-17.28.44:862][  0]LogD3D11RHI: Chosen D3D11 Adapter Id = 0
[2016.01.30-17.28.44:868][  0]LogD3D11RHI: !Direct3DDevice
[2016.01.30-17.28.44:868][  0]LogRHI: Texture pool is 1041 MB (70% of 1488 MB)
[2016.01.30-17.28.44:891][  0]LogD3D11RHI: Async texture creation enabled
[2016.01.30-17.28.44:905][  0]LogShaderCompilers: Guid format shader working directory is 15 characters bigger than the processId version (D:/PT/GGJ 2016/AlienRitual/AlienRitual/Intermediate/Shaders/WorkingDirectory/8668/).
[2016.01.30-17.28.44:905][  0]LogShaderCompilers: Cleaned the shader compiler working directory 'D:/PT/GGJ 2016/AlienRitual/AlienRitual/Intermediate/Shaders/tmp/653C86D14DA26D2A8898C0B79B5BB0C0/'.
[2016.01.30-17.28.44:905][  0]LogShaderCompilers:Display: Using Local Shader Compiler.
[2016.01.30-17.28.46:329][  0]LogTemp:Display: Loaded TP AllDesktopTargetPlatform
[2016.01.30-17.28.46:337][  0]LogTemp:Display: Loaded TP WindowsClientTargetPlatform
[2016.01.30-17.28.46:347][  0]LogTemp:Display: Loaded TP WindowsNoEditorTargetPlatform
[2016.01.30-17.28.46:356][  0]LogTemp:Display: Loaded TP WindowsServerTargetPlatform
[2016.01.30-17.28.46:363][  0]LogTemp:Display: Loaded TP WindowsTargetPlatform
[2016.01.30-17.28.46:368][  0]LogTemp:Display: Loaded TP AndroidTargetPlatform
[2016.01.30-17.28.46:373][  0]LogTemp:Display: Loaded TP Android_ASTCTargetPlatform
[2016.01.30-17.28.46:377][  0]LogTemp:Display: Loaded TP Android_ATCTargetPlatform
[2016.01.30-17.28.46:382][  0]LogTemp:Display: Loaded TP Android_DXTTargetPlatform
[2016.01.30-17.28.46:387][  0]LogTemp:Display: Loaded TP Android_ETC1TargetPlatform
[2016.01.30-17.28.46:392][  0]LogTemp:Display: Loaded TP Android_ETC2TargetPlatform
[2016.01.30-17.28.46:397][  0]LogTemp:Display: Loaded TP Android_PVRTCTargetPlatform
[2016.01.30-17.28.46:398][  0]LogTemp:Display: Loaded TP HTML5TargetPlatform
[2016.01.30-17.28.46:418][  0]LogTemp:Display: Loaded TP IOSTargetPlatform
[2016.01.30-17.28.46:422][  0]LogTemp:Display: Loaded TP LinuxNoEditorTargetPlatform
[2016.01.30-17.28.46:426][  0]LogTemp:Display: Loaded TP LinuxServerTargetPlatform
[2016.01.30-17.28.46:432][  0]LogTemp:Display: Loaded TP LinuxTargetPlatform
[2016.01.30-17.28.46:432][  0]LogTargetPlatformManager:Display: Building Assets For Windows
[2016.01.30-17.28.46:561][  0]LogDerivedDataCache:Display: Max Cache Size: 512 MB
[2016.01.30-17.28.46:636][  0]LogDerivedDataCache: Loaded boot cache 0.07s 41MB C:/Users/Rusl/AppData/Local/UnrealEngine/4.9/DerivedDataCache/Boot.ddc.
[2016.01.30-17.28.46:636][  0]LogDerivedDataCache:Display: Loaded Boot cache: C:/Users/Rusl/AppData/Local/UnrealEngine/4.9/DerivedDataCache/Boot.ddc
[2016.01.30-17.28.46:636][  0]LogDerivedDataCache: FDerivedDataBackendGraph:  Pak pak cache file D:/PT/GGJ 2016/AlienRitual/AlienRitual/DerivedDataCache/DDC.ddp not found, will not use a pak cache.
[2016.01.30-17.28.46:636][  0]LogDerivedDataCache: Unable to find inner node Pak for hierarchical cache Hierarchy.
[2016.01.30-17.28.46:637][  0]LogDerivedDataCache: FDerivedDataBackendGraph:  CompressedPak pak cache file D:/PT/GGJ 2016/AlienRitual/AlienRitual/DerivedDataCache/Compressed.ddp not found, will not use a pak cache.
[2016.01.30-17.28.46:637][  0]LogDerivedDataCache: Unable to find inner node CompressedPak for hierarchical cache Hierarchy.
[2016.01.30-17.28.46:818][  0]LogDerivedDataCache:Display: Pak cache opened for reading ../../../Engine/DerivedDataCache/Compressed.ddp.
[2016.01.30-17.28.46:830][  0]LogDerivedDataCache: Using Local data cache path C:/Users/Rusl/AppData/Local/UnrealEngine/Common/DerivedDataCache: Writable
[2016.01.30-17.28.47:095][  0]LogInit: Selected Device Profile: [Windows]
[2016.01.30-17.28.47:101][  0]LogContentStreaming: Texture pool size is 0.000000MB
[2016.01.30-17.28.47:267][  0]LogMeshUtilities: No automatic mesh reduction module available
[2016.01.30-17.28.47:267][  0]LogMeshUtilities: No automatic mesh merging module available
[2016.01.30-17.28.47:633][  0]LogInit: WinSock: version 1.1 (2.2), MaxSocks=32767, MaxUdp=65467
[2016.01.30-17.28.48:648][  0]UdpMessaging: Initializing bridge on interface 0.0.0.0:0 to multicast group 230.0.0.1:6666.
[2016.01.30-17.28.48:758][  0]LogAssetRegistry: FAssetRegistry took 0.0106 seconds to start up
[2016.01.30-17.28.48:998][  0]SourceControl: Info Source control is disabled
[2016.01.30-17.28.48:999][  0]SourceControl: Info Source control is disabled
[2016.01.30-17.28.49:018][  0]SourceControl: Info Source control is disabled
[2016.01.30-17.28.49:037][  0]SourceControl: Info Source control is disabled
[2016.01.30-17.28.49:301][  0]LogLinker:Warning: Asset '../../../Engine/Plugins/Runtime/LeapMotionController/Content/LM_PassthroughMaterial.uasset' has been saved with empty engine version. The asset will be loaded but may be incompatible.
[2016.01.30-17.28.49:421][  0]LogObj: 28361 objects as part of root set at end of initial load.
[2016.01.30-17.28.49:421][  0]LogUObjectAllocator: 6038864 out of 0 bytes used by permanent object pool.
[2016.01.30-17.28.49:495][  0]LogEngine: Initializing Engine...
[2016.01.30-17.28.49:497][  0]OCULUS: Info: 01/30/16 17:28:49: [CAPI] LibOVR module is located at C:\WINDOWS\SYSTEM32\LibOVRRT64_0_7.dll

[2016.01.30-17.28.49:998][  0]OCULUS: Error: 01/30/16 17:28:49: [CAPI] ovr_Create failed to complete within the timeout period.
[2016.01.30-17.28.50:123][  0]LogHMD: SteamVR failed to initialize.  Err: 108
[2016.01.30-17.28.50:300][  0]LogAIModule: Creating AISystem for world NewWorld
[2016.01.30-17.28.50:311][  0]LogInit: XAudio2 using 'Speakers (Realtek High Definition Audio)' : 2 channels at 48 kHz using 32 bits per sample (channel mask 0x3)
[2016.01.30-17.28.50:346][  0]LogInit: FAudioDevice initialized.
[2016.01.30-17.28.50:374][  0]LogDerivedDataCache: Saved boot cache 0.03s 41MB C:/Users/Rusl/AppData/Local/UnrealEngine/4.9/DerivedDataCache/Boot.ddc.
[2016.01.30-17.28.50:385][  0]LogInit: Texture streaming: Enabled
[2016.01.30-17.28.50:394][  0]LogAnalytics: Creating configured Analytics provider AnalyticsET
[2016.01.30-17.28.50:394][  0]LogAnalytics: [UEEditor.Rocket.Release] APIServer = http://et2.epicgames.com/ET2/. AppVersion = 4.9.2-2707645+++depot+UE4-Releases+4.9
[2016.01.30-17.28.50:394][  0]LogAnalytics: [UEEditor.Rocket.Release] SetUserId c64fb969419312d92c1ef6af313a065c|0774a1b09ae84da687ec14ceb86d8f84|7f22e12f-6e14-45bb-b9da-9c13f78ae739
[2016.01.30-17.28.50:394][  0]LogAnalytics: [UEEditor.Rocket.Release] AnalyticsET::StartSession
[2016.01.30-17.28.50:435][  0]LogInit: Transaction tracking system initialized
[2016.01.30-17.28.50:492][  0]BlueprintLog: New page: Editor Load
[2016.01.30-17.28.50:627][  0]LocalizationService: Info Localization service is disabled
[2016.01.30-17.28.50:739][  0]LogConsoleResponse:Display: 
[2016.01.30-17.28.50:946][  0]LogCook:Display: Done creating registry. It took  0.00s.
[2016.01.30-17.28.51:062][  0]LogFileCache: Scanning file cache for directory 'D:/PT/GGJ 2016/AlienRitual/AlienRitual/Content/' took 0.02s
[2016.01.30-17.28.51:062][  0]SourceControl: Info Source control is disabled
[2016.01.30-17.28.51:062][  0]Cmd: MAP LOAD FILE="D:/PT/GGJ 2016/AlienRitual/AlienRitual/Content/FirstPersonBP/Maps/FirstPersonExampleMap.umap" TEMPLATE=0 SHOWPROGRESS=1 FEATURELEVEL=3
[2016.01.30-17.28.51:119][  0]LightingResults: New page: Lighting Build
[2016.01.30-17.28.51:123][  0]MapCheck: New page: Map Check
[2016.01.30-17.28.51:123][  0]LightingResults: New page: Lighting Build
[2016.01.30-17.28.51:149][  0]LogParticles: Destroying 0 GPU particle simulations for FXSystem 0x000001C028CDE160
[2016.01.30-17.28.53:114][  0]LogAIModule: Creating AISystem for world FirstPersonExampleMap
[2016.01.30-17.28.53:135][  0]LogEditorServer: Finished looking for orphan Actors (0.000 secs)
[2016.01.30-17.28.53:135][  0]Cmd: MAP CHECKDEP NOCLEARLOG
[2016.01.30-17.28.53:219][  0]MapCheck: Info Map check complete: 0 Error(s), 0 Warning(s), took 83.771ms to complete.
[2016.01.30-17.28.53:219][  0]LogFileHelpers: Loading map 'FirstPersonExampleMap' took 2.157
[2016.01.30-17.28.53:382][  0]LogCollectionManager: Loaded 0 collections in 0.004437 seconds
[2016.01.30-17.28.53:428][  0]LogFileCache: Scanning file cache for directory 'D:/PT/GGJ 2016/AlienRitual/AlienRitual/Saved/Collections/' took 0.01s
[2016.01.30-17.28.53:428][  0]LogFileCache: Scanning file cache for directory 'D:/PT/GGJ 2016/AlienRitual/AlienRitual/Content/Developers/Rusl/Collections/' took 0.01s
[2016.01.30-17.28.53:428][  0]LogFileCache: Scanning file cache for directory 'D:/PT/GGJ 2016/AlienRitual/AlienRitual/Content/Collections/' took 0.01s
[2016.01.30-17.28.53:428][  0]LogContentBrowser: Native class hierarchy populated in 0.0125 seconds. Added 1867 classes and 333 folders.
[2016.01.30-17.28.53:437][  0]LogCollectionManager: Rebuilt the GUID cache for 0 collections in 0.000004 seconds
[2016.01.30-17.28.53:450][  0]LogContentBrowser: Native class hierarchy updated for 'WidgetCarousel' in 0.0004 seconds. Added 0 classes and 0 folders.
[2016.01.30-17.28.53:833][  0]LogContentBrowser: Native class hierarchy updated for 'AddContentDialog' in 0.0005 seconds. Added 0 classes and 0 folders.
[2016.01.30-17.28.53:846][  0]LogContentBrowser: Native class hierarchy updated for 'SceneOutliner' in 0.0007 seconds. Added 1 classes and 2 folders.
[2016.01.30-17.28.53:937][  0]LogCrashTracker: Crashtracker disabled due to settings.
[2016.01.30-17.28.53:943][  0]LogUObjectGlobals:Warning: Failed to find object 'Class None.'
[2016.01.30-17.28.53:966][  0]LogLoad: Full Startup: 11.12 seconds (BP compile: 0.22 seconds)
[2016.01.30-17.28.54:136][  0]LogContentStreaming: Texture pool size now 1000 MB
[2016.01.30-17.28.54:345][  0]LogRenderer: Reallocating scene render targets to support 916x464 (Frame:2).
[2016.01.30-17.28.54:449][  1]LogFileCache: Retrieving MD5 hashes for directory 'D:/PT/GGJ 2016/AlienRitual/AlienRitual/Content/' took 0.46s
[2016.01.30-17.28.56:128][  6]LogAssetRegistry: Asset discovery search completed in 7.3806 seconds
[2016.01.30-17.28.56:128][  6]LogCollectionManager: Rebuilt the object cache for 0 collections in 0.000001 seconds (found 0 objects)
[2016.01.30-17.28.56:128][  6]LogCollectionManager: Fixed up redirectors for 0 collections in 0.000045 seconds (updated 0 objects)
[2016.01.30-17.28.57:121][  9]AssetReimport: New page: Outstanding source content changes 5:28:57 AM
[2016.01.30-17.28.57:124][  9]LogFactory: FactoryCreateBinary: SoundWave with ReimportSoundFactory (0 0 D:/PT/GGJ 2016/AlienRitual/AlienRitual/Content/Audio/DeathPit.wav)
[2016.01.30-17.28.57:518][ 10]LogFactory: FactoryCreateBinary: SoundWave with ReimportSoundFactory (0 0 D:/PT/GGJ 2016/AlienRitual/AlienRitual/Content/Audio/LaserBeam.wav)
[2016.01.30-17.28.57:851][ 11]LogFactory: FactoryCreateBinary: SoundWave with ReimportSoundFactory (0 0 D:/PT/GGJ 2016/AlienRitual/AlienRitual/Content/Audio/WallHum.wav)
[2016.01.30-17.28.58:043][ 11]Cmd: OBJ SAVEPACKAGE PACKAGE="/Game/Audio/DeathPit" FILE="D:/PT/GGJ 2016/AlienRitual/AlienRitual/Content/Audio/DeathPit.uasset" SILENT=true
[2016.01.30-17.28.58:071][ 11]LogSavePackage: Save=10.203101ms
[2016.01.30-17.28.58:071][ 11]LogSavePackage: Moving 'D:/PT/GGJ 2016/AlienRitual/AlienRitual/Saved/DeathPit9329B40C4CB0833CC4A36D9770729AD5.tmp' to 'D:/PT/GGJ 2016/AlienRitual/AlienRitual/Content/Audio/DeathPit.uasset'
[2016.01.30-17.28.58:075][ 11]LogSavePackage: Total save time: 30.787740ms
[2016.01.30-17.28.58:075][ 11]LogSavePackage:Warning: Finished SavePackage D:/PT/GGJ 2016/AlienRitual/AlienRitual/Content/Audio/DeathPit.uasset
[2016.01.30-17.28.58:105][ 11]Cmd: OBJ SAVEPACKAGE PACKAGE="/Game/Audio/LaserBeam" FILE="D:/PT/GGJ 2016/AlienRitual/AlienRitual/Content/Audio/LaserBeam.uasset" SILENT=true
[2016.01.30-17.28.58:118][ 11]LogSavePackage: Save=11.267334ms
[2016.01.30-17.28.58:118][ 11]LogSavePackage: Moving 'D:/PT/GGJ 2016/AlienRitual/AlienRitual/Saved/LaserBeamCDA23DE14C7D745E230E6EA0BDC63FD3.tmp' to 'D:/PT/GGJ 2016/AlienRitual/AlienRitual/Content/Audio/LaserBeam.uasset'
[2016.01.30-17.28.58:119][ 11]LogSavePackage: Total save time: 13.147458ms
[2016.01.30-17.28.58:119][ 11]LogSavePackage:Warning: Finished SavePackage D:/PT/GGJ 